-0.0248458108039
-0.00262927451792
-0.0269871740951
0.000191380536833
0.00786817735887
0.00850744645818
-0.0237814743437
0.0407169926098
0.0115648876349
0.00751204647147
-0.428774872838
-0.00635260948687
-0.00487488561208
0.000461414850214
-0.0442189638972
-0.0790574112613
0.0389539981776
0.0156594770333
0.00233859080444
-0.0233876587025
0.0108564440894
-0.00313588306424
0.0055701857179
0.0394356000728
-0.0184161290067
0.00144642425992
-0.00677994066115
-0.00363871951964
-0.030291564253
0.0316136724176
0.0106633616739
-0.0119660965389
-0.0744041134288
0.0103434647179
-0.0307571042753
0.0547538493533
0.00624571420961
0.0175768758895
-0.0113064555077
0.00443445806757
0.0192205598212
0.124668919086
0.0255805289421
-0.00628652359026
0.0353171222171
-0.0209536194309
-0.00857636377069
0.00771529759579
0.00341992719667
0.0130825782365