
(0.0064079782021044512, 0.017081692532786654, 0.010673714330682203),10170.8169253
(0.035827338129496331, 0.045800039972266504, 0.0099727018427701736),10458.0003997
(-0.0010718902048150799, 0.0072087446356448705, 0.0082806348404599502),10098.6468973
(-0.059493790581857151, 0.12151622331021372, 0.18101001389207089),11215.1622331
(-0.0078026131974690749, 0.020277528428459663, 0.028080141625928739),10202.7752843
(0.087283039162959083, 0.025551380309663183, -0.061731658853295901),10255.5138031
(-0.019325319755743284, 0.033286052216992539, 0.052611371972735826),10326.8724341
(-0.023848340439762614, -0.017116659407371115, 0.006731681032391499),9834.41360335
(0.01216907722236318, 0.027211925967413845, 0.015042848745050665),10272.1192597
(0.00015339607963446412, -0.0030465471276460449, -0.003199943207280509),9907.12725697
(0.11491481315821561, 0.12143343079394672, 0.006518617635731111),11228.5444933
(-0.16345698118682586, -0.09555100904972387, 0.067905972137101991),9044.4899095
(0.055152919742253483, 0.081840987633671106, 0.026688067891417623),10818.4098763
(-0.0044719903613411683, 0.00073828028863699724, 0.0052102706499781654),9992.13046945
(-0.006651164739400057, -0.011852177892176951, -0.0052010131527768936),9881.47822108
(0.15598892803220926, 0.023446184355807417, -0.13254274367640184),10296.5247466
(0.13185267857142854, 0.12502586800876378, -0.0068268105626647646),11250.2586801
(0.023634627945535832, 0.033082675845085396, 0.0094480478995495644),10330.8267585
(0.023218363276749851, 0.014281728494307026, -0.0089366347824428247),10142.8172849
(-0.044953585892978813, -0.010122520107220772, 0.034831065785758043),9898.77479893
(0.0099458859442209373, 0.0030996495868272178, -0.0068462363573937191),10030.9964959
(-0.1298113978474652, -0.031069417136335868, 0.098741980711129329),9689.30582864
(-0.021032466304186054, 0.016326983983828359, 0.037359450288014413),10163.2698398
(0.096609725841878227, 0.050010242042685969, -0.046599483799192258),10500.1024204
(0.013311838693959974, 0.012036018933712695, -0.0012758197602472793),10123.1244941
(0.061319824414103184, 0.030520385163669925, -0.030799439250433259),10305.2038516
(0.027396498409379098, 0.020072741289776059, -0.0073237571196030395),10200.7274129
(-0.035578363013764026, -0.031099514750087109, 0.0044788482636769177),9689.0048525
(0.014805383393137053, 0.030176403272104836, 0.015371019878967784),10301.5503963
(0.033725302930818303, 0.014064142701749733, -0.01966116022906857),10140.641427
(-0.0024279964173563972, 0.010247734231172399, 0.012675730648528796),10102.4773423
(0.033151092832822915, 0.0063428329253172704, -0.026808259907505644),10063.4283293
(0.0062324642631386385, 0.0087248433637098066, 0.002492379100571168),10084.4143281
(-0.085956029921547286, -0.040601679447180503, 0.045354350474366784),9593.98320553
(-0.017803718026307296, -0.069951922223270957, -0.052148204196963657),9302.29421673
(0.0033370723499719828, 0.0031212983047376837, -0.00021577404523429912),10031.212983
(0.12533661740558302, 0.031897917538346518, -0.093438699867236505),10318.9791754
(0.018555150194257512, 0.0095238455903279822, -0.0090313046039295301),10095.2384559
(-0.15670694177206773, -0.045781444947369347, 0.11092549682469838),9542.18555053
(0.016961691451607645, 0.016507118516634729, -0.00045457293497291537),10165.0711852
(-0.063481488531455257, -0.010806374855023932, 0.052675113676431323),9891.93625145
(-0.03195350766628912, 0.014509078933826094, 0.046462586600115215),10145.0907893
(0.11495164103377201, 0.053279119373224056, -0.061672521660547951),10542.5661555
(0.062518512065510817, 0.0571110562737158, -0.005407455791795017),10571.1105627
(0.036243496357960502, 0.018285049096407237, -0.017958447261553264),10182.850491
(-0.00023194273123111752, -0.0071065056836085204, -0.0068745629523774025),9928.93494316
(-0.28609045582822434, -0.071964378823194244, 0.21412607700503011),9280.35621177
(-0.042294650370333239, 0.014345834032881248, 0.056640484403214487),10143.4583403
(-0.019889891749704226, -0.024867007205921436, -0.0049771154562172105),9751.32992794
(-0.004886702420354814, 0.0149038256014941, 0.019790528021848913),10149.038256
(0.18983736718959768, 0.10222012677212387, -0.087617240417473805),11022.2012677
(-0.020611986414643752, -0.01222380526611814, 0.0083881811485256117),9877.76194734
(0.01477167352649306, 0.0043186445300179913, -0.010453028996475069),10039.5489859
(0.02584083534455487, -0.0021835229292719305, -0.028024358273826801),9979.85479837
(-0.088429322511644662, -0.093613939123799894, -0.0051846166121552323),9063.86060876
(0.081084748829529832, 0.022834842098481748, -0.058249906731048087),10243.7790267
(0.024337643124303275, 0.022311616414113816, -0.0020260267101894595),10223.1161641
(-0.03177850411882191, -0.022658360092830843, 0.0091201440259910671),9773.41639907
(0.13784657895563154, 0.10590097356265815, -0.031945605392973392),11059.0097356
(0.098102909033824015, 0.030527442598797278, -0.067575466435026738),10305.274426
(0.095009873952467419, 0.061859680905997083, -0.033150193046470336),10618.5968091
(0.088380156321527376, 0.0039248461542460067, -0.084455310167281375),10033.4263195
(0.015192324815243496, -0.028744156283473238, -0.043936481098716736),9712.55843717
(0.21066625949053838, 0.14564539157527598, -0.065020867915262404),11456.4539158
(-0.025223453578329991, -0.0032700253902918121, 0.021953428188038179),9967.2997461
(-0.036687168496222326, -0.018907821557406713, 0.017779346938815613),9810.92178443
(0.021221126928741067, 0.010566554498111327, -0.01065457243062974),10092.1608184
(0.19818156887149679, 0.095223675039026415, -0.10295789383247038),10952.2367504
(-0.010379356612958687, -0.010763460494232458, -0.00038410388127377119),9892.36539506
(0.044974571597802292, 0.025088971728788236, -0.019885599869014055),10242.6816383
(0.20328376248919808, 0.085026256023516364, -0.11825750646568171),10850.2625602
(0.070618769411202542, 0.030384392793693586, -0.040234376617508956),10303.8439279
(-0.12927678754353611, -0.098953831673426251, 0.030322955870109858),9010.46168327
(0.026658159909495254, 0.014741278013298506, -0.011916881896196748),10160.4315471
(0.11693668918514977, 0.095353784913375789, -0.021582904271773978),10953.5378491
(0.028889082104419581, 0.046086881675833864, 0.017197799571414284),10460.8688168
(0.012736905617959022, 0.015825010819290036, 0.0030881052013310133),10158.2501082
(0.033435669725195079, 0.03241115251324736, -0.0010245172119477189),10324.1115251
(0.041202934162029248, 0.034772671974750119, -0.0064302621872791288),10347.7267197
(-0.098477801268498977, -0.096144160540660412, 0.0023336407278385651),9038.55839459
(0.0026705857192211532, 0.0086882859752144218, 0.0060177002559932691),10086.8828598
(0.00088730207354035444, -0.0056338937549126056, -0.0065211958284529603),9943.66106245
(0.010529119926992495, 0.071573634570215469, 0.061044514643222976),10715.7363457
(0.027132689949002649, 0.025092737008175756, -0.0020399529408268932),10252.2965928
(-0.15201797823275021, -0.032994507377771154, 0.11902347085497905),9679.67464541
(-0.023799963057253216, 0.0024940844340255353, 0.026294047491278751),10024.9408443
(0.15886123410941277, 0.09505894888920248, -0.063802285220210295),10950.5894889
(0.018717128384110195, 0.01610511300101989, -0.0026120153830903048),10167.4615444
(0.10378288883841584, 0.038776542657734718, -0.065006346180681129),10387.7654266
(0.0028363559679460719, 0.0084598818221129479, 0.005623525854166876),10084.5988182
(0.035334106775762784, 0.004401565139140075, -0.03093254163662271),10054.6896294
(-0.0049448964283653205, -0.017792020525960652, -0.012847124097595333),9822.07979474
(0.052998295159736211, 0.036068818415885655, -0.016929476743850556),10360.6881842
(0.0030224785744981525, 0.052067525975781612, 0.049045047401283459),10520.6752598
(-0.025093730926846455, -0.012441512803293335, 0.012652218123553121),9875.58487197
(0.073524548601159687, 0.036490371502902054, -0.037034177098257633),10338.4704876
(0.013167439847355179, 0.011484152100547181, -0.0016832877468079977),10114.841521
(-0.0069980334203534359, -0.0070306606496573299, -3.2627229303893932e-05),9929.6933935
(0.033088584860810365, 0.023692071043107353, -0.0093965138177030116),10247.9245461
(0.0087937052105491256, 0.0050244340066805306, -0.003769271203868595),10050.2443401
(0.074973158404692791, 0.049359560593041897, -0.025613597811650894),10497.0903741
(0.017079664593391337, 0.015282331021734718, -0.0017973335716566195),10152.9335927
(0.058692068144348929, 0.024945219059875672, -0.033746849084473257),10249.4521906
(0.064633772601900188, 0.041391456563132485, -0.023242316038767703),10413.9145656
(0.044385619305589749, 0.024994225724798525, -0.019391393580791224),10249.9422572
(0.07224135405364461, 0.030267467411980033, -0.041973886641664578),10302.6746741
(-0.013634435700725856, -0.0047882784881434414, 0.0088461572125824138),9952.11721512
(0.0095740212928190852, -0.0032605513398943002, -0.012834572632713386),9967.3944866
(-0.029717977128760429, -0.026032788064195483, 0.0036851890645649456),9739.67211936
(-0.023466313754854026, -0.029323311518188528, -0.0058569977633345024),9706.80150288
(0.012454748617954044, 0.031941569596772572, 0.019486820978818528),10319.415696
(0.14860902593319733, 0.086038740441725534, -0.062570285491471797),10866.5786856
(0.074323211891713814, 0.010670630270159017, -0.063652581621554793),10106.7063027
(0.010962025465900803, -0.006489684063853929, -0.017451709529754732),9935.10315936
(0.059214680433201689, 0.068440673558222448, 0.0092259931250207594),10703.2842458
(0.16180759429894681, 0.072692432502152224, -0.089115161796794587),10731.5782048
(0.037248728505691345, 0.037862359565577756, 0.0006136310598864117),10378.6235957
(0.029405730698215088, 0.0032873145995896266, -0.02611841609862546),10029.8747778
(-0.0067245035666088507, 0.0024218752591452356, 0.0091463788257540868),10024.374407
(0.01825514066054934, 0.010520222690908486, -0.0077349179696408546),10105.2022269
(-0.040417365381032244, 0.019556650297940906, 0.059974015678973147),10195.566503
(0.0013014086543676009, 0.0020751758102125679, 0.000773767155844967),10020.7517581
(0.016872408369477107, 0.0087933640861518145, -0.0080790442833252925),10087.9336409
(0.32756613756613756, 0.27633174772245928, -0.051234389843678285),12763.3174772
(0.12155023923444974, 0.056180613566921965, -0.06536962566752777),10581.7594542
(0.09779162788187841, 0.034468083210656003, -0.063323544671222406),10344.6808321
(-0.02444425873307703, -0.022357157368148365, 0.0020871013649286646),9776.42842632
(0.090536556323688178, 0.0084796396663390627, -0.082056916657349113),10084.7963967
(0.12157489365867824, 0.077277767890844187, -0.044297125767834053),10772.7776789
(-0.06931303461798631, -0.04495809314054932, 0.024354941477436991),9550.41906859
(0.088930504487633316, 0.044837167350852906, -0.04409333713678041),10448.3716735
(0.0068205060535083805, 0.0056558869722750389, -0.0011646190812333417),10056.5588697
(0.088327306707837228, 0.036806455059956715, -0.051520851647880513),10368.0645506
(0.0020985932104815191, -0.0001258997480757898, -0.0022244929585573088),9998.74100252
(0.11959589956915757, 0.027944177352546104, -0.09165172221661147),10279.4417735
(0.0038461264520908618, -0.004362239497027986, -0.0082083659491188482),9956.37760503
(0.020933665936975064, 0.021569388113541935, 0.00063572217656687052),10220.6884831
(-0.059721837878834561, -0.012251968459230192, 0.04746986941960437),9877.48031541
(-0.067427745076073922, -0.006404538790448896, 0.061023206285625027),9931.50797578
(-0.011029039765253443, -0.003869083526220311, 0.0071599562390331321),9959.78065328
(-0.12243066563609453, -0.032397298488154591, 0.090033367147939941),9669.02648838
(-0.11012419274714356, 0.08750314665868282, 0.19762733940582639),10875.0314666
(0.10538111464312677, 0.045611661257029479, -0.059769453386097293),10456.1166126
(0.022670167096708646, 0.0097333716239525522, -0.012936795472756094),10097.3337162
(0.0053623697459313042, -0.00083199293381876487, -0.0061943626797500689),9991.68007066
(0.10173663182718397, 0.041068037514282875, -0.060668594312901093),10410.6803751
(-0.061347961829502716, -0.0320564746733462, 0.029291487156156516),9679.43525327
(0.09743065166375825, 0.076561052881029906, -0.020869598782728344),10765.6105288
(0.15036815499373307, 0.062798818839387607, -0.087569336154345465),10627.9881884
(-0.038266871165644242, -0.0043610658469480767, 0.033905805318696164),9956.38934153
(0.010979718742275742, 0.019410571103303301, 0.0084308523610275594),10199.5524371
(-0.13640467308748785, -0.037552972627616872, 0.098851700459870989),9624.47027372
(0.026107140145557813, 0.030114630906562162, 0.0040074907610043488),10301.1463091
(-0.040125621992005915, 0.11090496077614899, 0.1510305827681549),11109.0496078
(0.026043448511802965, 0.018839427701866224, -0.0072040208099367412),10188.394277
(0.0034781560454677412, 0.088035701366737523, 0.084557545321269786),10851.8305412
(0.20217945247272451, 0.13211755154065485, -0.070061900932069654),11321.1755154
(-0.043242603350160315, -0.011700899619847951, 0.031541703730312363),9882.9910038
(0.018106402540956246, 0.016002600085023549, -0.0021038024559326962),10151.7958006
(-0.039253638897491575, 0.0035194501172745732, 0.042773089014766147),10035.1945012
(-0.021144666993799265, 0.0080151731781643327, 0.029159840171963596),10080.1517318
(0.0023245002324501218, 0.026998646875518534, 0.024674146643068412),10266.4428029
(-0.066980719516853124, -0.05878483834632079, 0.0081958811705323334),9454.58672358
(-0.060651610916927695, 0.054928454506751767, 0.11558006542367946),10549.2845451
(0.04525593477379538, 0.089065311898130314, 0.043809377124334935),10890.653119
(-0.046900978638324674, 0.016629610127670277, 0.063530588765994947),10140.880361
(0.093953764078245419, 0.074330063976335084, -0.019623700101910335),10743.3006398
(0.041292089286035921, 0.036489211547960983, -0.0048028777380749385),10364.4438186
(-0.076458874853694431, 0.010046964169685452, 0.086505839023379882),10100.4696417
(0.094093610906866104, 0.030126094718081368, -0.06396751618878474),10301.2609472
(-0.048897416524891719, -0.00056875419778152714, 0.048328662327110194),9994.31245802
(0.037774609624948184, -0.016039714254114188, -0.053814323879062376),9839.60285746
(0.081426595534479201, 0.066290608228122258, -0.015135987306356943),10662.9060823
(-0.11636625265071188, -0.069399042093355096, 0.046967210557356781),9306.00957907
(0.011665075345593435, 0.020633757445269293, 0.0089686820996758582),10208.7462856
(-0.035922542713232176, -0.0021712838888008263, 0.033751258824431349),9978.28716111
(-0.40341269841269844, 0.12277588177021861, 0.52618858018291703),11227.7588177
(0.0062006940608813647, -0.0021297442385308386, -0.0083304382994122024),9978.70255761
(-0.049353716528899347, 0.0063634994949545217, 0.05571721602385387),10063.8377137
(0.084167498341630259, 0.0622642458372, -0.02190325250443026),10622.6424584
(-0.0096657212101368562, -0.0013032354098029828, 0.0083624858003338732),9986.9676459
(-0.03000193824150486, -0.017778586687391545, 0.012223351554113315),9822.21413313
(0.083875549853372325, 0.041811975531484497, -0.042063574321887828),10418.1197553
(-0.02365487844248796, 0.00062838750414302919, 0.024283265946630991),10006.283875
(0.083778227785959766, 0.015955763585489332, -0.067822464200470431),10168.0496017
(-0.034486870274518244, -0.015808483661173704, 0.01867838661334454),9841.91516339
(-0.0033100516246584136, 0.0065438649451087256, 0.0098539165697671387),10065.4386495
(0.067300110786182615, 0.05342394619187435, -0.013876164594308266),10534.2394619
(0.10095954054117143, 0.046232147707235709, -0.054727392833935719),10464.0966549
(0.013501856015057353, 0.012229985688901433, -0.0012718703261559196),10122.2998569
(-0.033879069376431918, -0.018940671081787513, 0.014938398294644405),9798.40097402
(0.041257497597454985, 0.062021760112808258, 0.020764262515353273),10620.2176011
(-0.030786014857914691, -0.017519887205161649, 0.013266127652753042),9824.80112795
(0.027470905130390667, 4.2297663696081144e-05, -0.027428607466694586),9998.68812862
(0.039894865657397534, 0.027890021350089046, -0.012004844307308488),10278.9002135
(0.072900747277664754, 0.03342635367399107, -0.039474393603673684),10334.2635367
(0.0054317165011347202, 0.01200287687120981, 0.0065711603700750899),10120.0287687
(0.0098735687828602741, 0.0052009717583796373, -0.0046725970244806368),10052.0097176
(-0.052017162438448436, 0.0132848739328565, 0.065302036371304939),10134.2032254
(-0.0078526667547846613, 0.016670574393923561, 0.024523241148708221),10166.7057439
(-0.050400302590934913, -0.016792055807994075, 0.033608246782940839),9832.07944192
(-0.022376587875864263, 0.018401731669575382, 0.040778319545439645),10184.0173167
(0.071686608375517838, 0.017340358056412153, -0.054346250319105685),10171.9476008
(-0.041887477313974575, -0.02310012075827508, 0.018787356555699495),9768.99879242
(0.4460417864673184, 0.053254759039302005, -0.39278702742801641),10532.5475904
(0.012354982406456392, 0.001210568658221564, -0.011144413748234827),10012.1056866
(0.029853226253115615, -0.020674476436158874, -0.050527702689274492),9793.25523564
(-0.040081703036150468, -0.012673171342585011, 0.027408531693565455),9873.26828657
(0.33427661832331085, 0.0064616615820330481, -0.32781495674127781),10064.6166158
(0.098090472978037677, 0.059146418625306431, -0.038944054352731246),10603.7239249
(0.0094893862051794106, 0.031086678363892679, 0.021597292158713269),10310.8667836
(0.10202697023187679, 0.045150439401223957, -0.056876530830652833),10451.504394
(0.024132550226479681, 0.037868557780074301, 0.01373600755359462),10377.8071169
(0.012300462479486804, 0.02431215641444287, 0.012011693934956066),10243.1215641
(-0.028488697926396342, -0.010314299184847005, 0.018174398741549337),9896.85700815
(-0.010411000018758559, 0.032638633881244099, 0.04304963390000266),10326.3863388
(-0.0033360298647034815, -0.039724306445505314, -0.036388276580801834),9609.08946156
(0.016920783031119227, 0.025482491344999109, 0.0085617083138798816),10254.8249134
(-0.042012902303472169, -0.018100682377581143, 0.023912219925891025),9818.99317622
(-0.024760380440995992, 0.056101359485841933, 0.080861739926837928),10561.0135949
(-0.21474183543149056, -0.072550089336370915, 0.14219174609511964),9274.49910664
(0.023076230268902827, 0.0025358460455783645, -0.020540384223324461),10025.3584605
(0.062996232359139259, 0.034746269728348309, -0.028249962630790951),10347.4626973
(-0.021836619478264575, 0.0086497276241763749, 0.030486347102440949),10086.4972762
(0.18538136931609997, 0.069176955963200448, -0.11620441335289952),10704.6909371
(0.08295466192900329, 0.024815274491006494, -0.058139387437996792),10248.1527449
(0.032344404155853532, -0.0084462347511012927, -0.040790638906954821),9915.53765249
(-0.042672200393962044, -0.044384045893690743, -0.0017118454997286994),9556.15954106
(0.016172449153990756, 0.013320948722545472, -0.0028515004314452839),10126.9287262
(-0.048980131495126027, 0.08906350848112124, 0.13804363997624727),10892.5165387
(0.013959585700282186, 0.011808177429508578, -0.0021514082707736089),10116.6088535
(-0.023269543520395643, -0.0084507433015471173, 0.014818800218848526),9921.03662577
(0.023628746513306039, 0.0090027573535089687, -0.01462598915979707),10090.0275735
(-0.17326928339059319, -0.038451917039833645, 0.13481736635075955),9615.4808296
(0.0065931738144202751, 0.029559696085648283, 0.022966522271228008),10295.5969609
(0.0028972440116610682, 0.00706659999148269, 0.0041693559798216219),10067.8902655
(0.010432222105373933, -0.00040756881278848595, -0.01083979091816242),9995.92431187
(0.054653033196308938, 0.047611669333965982, -0.0070413638623429559),10476.1166933
(0.0078600674629271776, -0.0020049392031110981, -0.0098650066660382757),9982.68227917
(-0.0067577330473152916, 0.0029306560922661446, 0.0096883891395814353),10029.3065609
(-0.013716954999440967, 0.010494137575740753, 0.024211092575181718),10104.9413758
(0.021943671984443944, 0.020411574144411863, -0.0015320978400320817),10204.1157414
(-0.0058080538873687805, 0.0020366090976058331, 0.0078446629849746145),10020.366091
(0.051983111326993937, 0.01526996820669356, -0.036713143120300377),10143.962574
(0.0092887135767909298, 0.0037953945284192742, -0.0054933190483716556),10037.9539453
(-0.07115302551847752, -0.096663619606070825, -0.025510594087593305),9033.36380394
(0.069216314800486345, 0.046373330396848357, -0.022842984403637988),10460.1648319
(-0.011355064120379614, 0.022267021475956789, 0.033622085596336407),10205.6614621
(0.022315850346458495, 0.0041217544304901817, -0.018194095915968315),10049.4399795
(0.0064103684541704856, 0.017517879742606601, 0.011107511288436116),10175.1787974
(-0.0060224827836485939, 0.011818597850620427, 0.017841080634269021),10118.1859785
(0.057296072824392287, 0.043171404671763593, -0.014124668152628694),10413.1221369
(0.11294598438762503, 0.062133892393938732, -0.050812091993686297),10593.943042
(-0.031675902351355326, -0.036198053961178631, -0.004522151609823305),9661.27420942
(-0.021700126697448179, 0.023216635576142289, 0.044916762273590469),10234.6571677
(0.184684570720168, 0.046794955108330032, -0.13788961561183796),10467.9495511
(0.01805240042404967, 0.0083496397620974674, -0.0097027606619522026),10083.4963976
(0.033232000672802783, 0.032969296142397617, -0.00026270453040516673),10329.6929614
(-0.060092245044945182, -0.036408762046682933, 0.023683482998262249),9635.91237953
(0.066615653957557849, 0.10261211110682343, 0.035996457149265582),11026.0382829
(-0.1298113978474652, -0.069885704661142883, 0.059925693186322321),9301.14295339
(0.0088242231895867933, 0.018437579426226692, 0.0096133562366398986),10173.5630924
(0.12713526508920645, 0.10021718338626161, -0.026918081702944838),11002.1718339
(0.13643372232715212, 0.098350110822435277, -0.038083611504716841),10984.4154298
(0.016152501202783401, -0.010669187577409138, -0.026821688780192539),9893.30812423
(0.040689274429422183, 0.020258514629180172, -0.020430759800242011),10202.5851463
(0.043374477200856978, 0.024567059037344189, -0.018807418163512789),10245.1697608
(-0.093311390936621177, -0.028324681579618483, 0.064986709357002695),9702.46277991
(-0.12614493457787823, -0.062270056632864543, 0.063874877945013689),9377.29943367
(-0.017044795009379873, 0.014544720266450713, 0.031589515275830586),10145.4472027
(-0.038163234950383623, -0.015369694204315965, 0.02279354074606766),9855.22969924
(0.023977611266588376, 0.048085465178340385, 0.024107853911752009),10480.8546518
(-0.0042825020441536214, -0.0096048458065435618, -0.0053223437623899405),9921.02614992
(0.046606307346417915, 0.019542510467867577, -0.027063796878550338),10190.100505
(0.037422236636494959, 0.062549729180696345, 0.025127492544201387),10625.4972918
(0.054080133336257302, 0.057092508268525306, 0.0030123749322680041),10575.9858894
(0.064277632416377906, 0.062457373739677677, -0.0018202586767002288),10624.5737374
(0.068380510826740931, 0.052156886800172469, -0.016223624026568462),10521.568868
(0.019275264849789916, 0.0078148476926782669, -0.011460417157111649),10078.1484769
(0.0098720145925413894, 0.023816591395089379, 0.01394457680254799),10238.165914
(0.00023198769100598606, 0.016720709623350739, 0.016488721932344755),10167.2070962
(0.0030983156236025298, 0.013273025272111409, 0.010174709648508879),10132.7302527
(0.084626780018417544, 0.051787587792271009, -0.032839192226146535),10517.8758779
(0.010290362040474621, 0.011331311100764652, 0.001040949060290031),10113.313111
(0.13227938888425095, 0.13394490286900745, 0.0016655139847565059),11339.4490287
(-0.010026177216725078, 0.00062214305502220665, 0.010648320271747284),9993.16234082
(0.0083406636497557196, 0.00066138378765172095, -0.0076792798621039982),10014.8240905
(0.055978862662120599, 0.051203525610010729, -0.0047753370521098695),10512.0352561
(0.092797107645165619, 0.085352985803833326, -0.0074441218413322935),10853.529858
(-0.035623958581290076, 0.031213594843340981, 0.06683755342463106),10303.6319134
(0.015953493580933141, 0.022820402344802825, 0.0068669087638696842),10237.0263931
(0.10096400305080085, 0.072899851419240075, -0.028064151631560771),10728.9985142
(-0.10905174299085861, -0.024011056314975212, 0.085040686675883395),9759.88943685
(0.043575681925146853, 0.016585223783167565, -0.026990458141979288),10165.8522378
(-0.034118846315284508, -0.00011269836438677885, 0.034006147950897729),9998.87301636
(0.038535170243003021, 0.023392105814302157, -0.015143064428700864),10233.9210581
(0.019881869001160117, 0.01871626674846193, -0.001165602252698187),10187.1626675
(0.096989555601064828, 0.040114271390099022, -0.056875284210965805),10400.5602235
(0.0046401495041304809, -0.010825872342501316, -0.015466021846631796),9891.74127657
(0.040691240804765771, -0.0097002275276998253, -0.050391468332465598),9867.55221245
(-0.091228420317333664, -0.057815169618178334, 0.033413250699155329),9421.84830382
(-0.0025603129515572609, -0.020679226487034429, -0.018118913535477166),9793.20773513
(-0.020761492674998445, -0.001792037726682065, 0.01896945494831638),9982.07962273
(-0.017905500552438284, 0.0067425318449943006, 0.024648032397432584),10058.6608095
(-0.041697754509317952, 0.024343256421728802, 0.066041010931046751),10243.4325642
(-0.15612188584042896, -0.065097789177140652, 0.091024096663288312),9349.02210823
(-0.025417868407293109, 0.0092897933191503392, 0.034707661726443448),10110.7459843
(-0.13483472507286717, -0.10014951152852136, 0.034685213544345811),8998.50488471
(-0.016614176014721017, 0.016124686425759135, 0.032738862440480153),10218.5487413
(0.071377477490784144, 0.095590323921525305, 0.024212846430741161),10950.1881547
(0.018551584213609196, -0.071191433783731731, -0.089743017997340926),9288.08566216
(-0.017785845184756843, 0.02002209450702503, 0.037807939691781874),10200.2209451
(-0.24847995850502844, -0.15929891844277008, 0.089181040062258354),8407.01081557
(-0.000277790912099879, -0.011729970415776369, -0.011452179503676491),9882.70029584
(-0.00040700868963550061, 0.020006103566046658, 0.02041311225568216),10220.8694182
(-0.0061581353395789261, 0.0065288067742318165, 0.012686942113810742),10065.2880677
(0.025264152650574544, 0.02083431886651415, -0.0044298337840603941),10217.8615041
(-0.035818472819732869, -0.030634832635728707, 0.0051836401840041624),9713.60687103
(-0.0054053091884323579, 0.0097581161985490321, 0.015163425386981389),10103.8498441
(0.020196403349755979, -0.044726921660030165, -0.064923325009786148),9552.7307834
(0.012121609225527479, -0.0097066536556052602, -0.021828262881132737),9902.93346344
(-0.022462070013516463, -0.0020029779729597067, 0.020459092040556758),9979.97022027
(0.018225284614790026, 0.0042785068849983876, -0.013946777729791637),10041.8594164
(-0.052975226726774453, -0.017490296465491155, 0.035484930261283298),9825.09703535
(0.023921484327766744, 0.025660395062479982, 0.0017389107347132379),10256.6039506
(-0.027844164518519357, -0.012242141146847643, 0.015602023371671714),9883.20182067
(0.0059210671127644067, -0.027609578462070929, -0.033530645574835337),9711.79104056
(-0.063401945017107872, -0.020721390944454288, 0.042680554072653587),9792.78609056
(-0.00017836090676938565, 0.014513911902777362, 0.014692272809546748),10145.139119
(0.0086748986241616359, 0.021363711542091188, 0.012688812917929553),10213.6371154
(-0.041473970045398642, -0.0063422304646157503, 0.035131739580782889),9936.57769535
(0.074539739559946055, 0.0078655427158937519, -0.066674196844052305),10078.6554272
(0.075679172056921012, 0.039763362340540516, -0.035915809716380497),10397.6336234
(0.039775622602435251, 0.0068215269111064113, -0.032954095691328837),10075.2465871
(-0.0079712278635425977, -0.019178887946980829, -0.011207660083438232),9808.21112053
(0.026778795097729638, 0.00057117667482743857, -0.026207618422902198),10005.7117667
(-0.036128607445785464, 0.0011225644197744259, 0.037251171865559887),10011.5856081
(0.008070148211375916, 0.0066063409840557141, -0.0014638072273202019),10066.0634098
(0.062192261241174225, 0.013405201045736431, -0.048787060195437798),10134.0520105
(-0.012901806511724342, -0.017184580485475092, -0.0042827739737507503),9828.15419515
(-0.065806910061649043, -0.0036819973376512279, 0.062124912723997817),9963.18002662
(-0.038097024926293188, -0.012042305053653763, 0.026054719872639423),9874.2393146
(-0.023778137630149139, -0.0074355797185446139, 0.016342557911604525),9925.64420281
(0.063726303356844718, 0.04694389943640799, -0.016782403920436728),10469.4389944
(-0.011762628826164643, -0.010639259639628654, 0.0011233691865359888),9892.66850586
(-0.00060483653212660426, 0.0092525466995481108, 0.0098573832316747149),10092.525467
(-0.0053559299842064079, -0.0034496192909660747, 0.0019063106932403332),9965.50380709
(0.07230800396146575, 0.019892199671402159, -0.052415804290063595),10198.9219967
(0.18033091364980108, 0.20930795835327681, 0.028977044703475729),12060.7373231
(0.021992431107083842, 0.012478604222663307, -0.0095138268844205346),10124.7860422
(-0.020560112858560967, -0.03633379161959565, -0.015773678761034682),9635.71969837
(0.10472225027382678, 0.017298913345443909, -0.087423336928382875),10163.6982103
(0.034939106901217876, -0.0064345726692112293, -0.041373679570429103),9935.65427331
(0.066742583037729661, 0.033177037820422632, -0.033565545217307029),10331.7703782
(0.037230840098107697, 0.034535361025359451, -0.0026954790727482456),10345.3536103
(-0.034628692345086073, -0.018335729648685992, 0.016292962696400081),9782.93177156
(-0.013634435700725856, 0.011439446956312167, 0.025073882657038023),10114.9856682
(-0.00086499739355089494, 0.033642347446490022, 0.034507344840040914),10336.4234745
(0.16641642766594433, 0.069417160416043955, -0.096999267249900378),10694.1716042
(0.082881565856530934, 0.02649674498948516, -0.056384820867045771),10264.9674499
(-0.0041856711961094049, 0.0037430389285991622, 0.0079287101247085667),10037.4303893
(-0.015561097925633934, 0.013007311299448338, 0.028568409225082272),10130.073113
(0.060753954897340964, 0.085638115110907354, 0.024884160213566389),10881.586794
(0.18889733500268291, 0.080299896660492601, -0.10859743834219031),10822.9955688
(-0.00082012028430845604, -0.013173840125718926, -0.01235371984141047),9868.26159874
(-0.014751735883663032, 0.019611206650062378, 0.034362942533725412),10196.1120665
(-0.0042148505699908462, -8.0508247141733587e-05, 0.0041343423228491129),9999.19491753
(-0.054709574649650164, -0.054271883575655377, 0.00043769107399478646),9464.21110537
(-0.011473723623562151, -0.0016054519891447853, 0.0098682716344173655),9983.11967817
(-0.012077555720349194, 0.0036506486927784863, 0.01572820441312768),10036.5064869
(-0.08776353936150133, -0.1032353141382686, -0.015471774776767269),8935.97093629
(0.024369868673984611, 0.0050652633284982585, -0.01930460534548635),10050.6526333
(-0.023577860751153114, -0.01611650533091397, 0.0074613554202391449),9837.83913559
(0.1000011244925728, 0.069047338320421661, -0.030953786172151138),10674.1057373
(-0.08203388559862046, -0.046128342512835478, 0.035905543085784981),9547.97623454
(0.0012011037169290847, 0.01808063066525956, 0.016879526948330476),10180.8063067
(0.028201213664853578, 0.023767977351620721, -0.0044332363132328564),10237.6797735
(-0.036951936475214241, -0.0075074880942112938, 0.029444448381002946),9924.92511906
(0.19428061394144103, 0.11042779077816831, -0.083852823163272722),11104.2779078
(0.046605685701260315, 0.025709734946520804, -0.02089595075473951),10257.0973495
(-0.050895932146034481, -0.011334698208747614, 0.039561233937286867),9881.99309432
(0.061232840279056455, 0.042883553657723311, -0.018349286621333144),10428.8355366
(-0.12404852980951273, -0.01656806502970885, 0.10748046477980387),9825.21811328
(0.011184550351559632, -0.0053868344802764116, -0.016571384831836043),9953.2912513
(0.011748747690303011, 0.0051582773067042577, -0.0065904703835987536),10054.7671135
(0.12358668825703596, 0.079601758363841507, -0.043984929893194455),10796.0175836
(0.085787434911025681, -0.00079218090925496653, -0.086579615820280648),9992.07819091
(-0.09300837044854475, -0.049301198099891738, 0.043707172348653012),9506.988019
(0.071707032033559825, 0.068455199748685844, -0.0032518322848739817),10684.5519975
(0.0059444196760291921, 0.017001169331902564, 0.011056749655873372),10175.7384946
(0.079560917687234084, 0.04694850248955372, -0.032612415197680364),10469.4850249
(0.031502363730166329, 0.040649998612769744, 0.0091476348826034157),10406.4999861
(0.039840175142051501, -4.3956561778577451e-05, -0.039884131703830081),9999.56043438
(-0.033801931053239941, -0.0055418170919976544, 0.028260113961242287),9944.58182908
(-0.027446300715990392, 0.0027160709720981686, 0.030162371688088559),10026.6935189
(-0.12453211042584129, -0.0022686612984574822, 0.12226344912738381),9977.31338702
(-0.065972159062856514, 0.02445591364231459, 0.0904280727051711),10244.5591364
(0.073608237016100503, 0.050285659395480069, -0.023322577620620434),10502.856594
(-0.0021752281415314823, 0.0062496333557379331, 0.0084248614972694154),10072.3273464
(0.0015666796653188866, -0.0025574868170935589, -0.0041241664824124454),9983.05131519
(0.0088553452538226857, -0.0035229435793631639, -0.01237828883318585),9964.77056421
(0.083308712009297042, 0.035432404788461824, -0.047876307220835218),10354.3240479
(-0.0046349607287165407, 0.0054497930567860746, 0.010084753785502616),10054.4979306
(0.11309641697737913, -0.0072555023114404321, -0.12035191928881955),9927.44497689
(-0.064498297827536577, -0.024979635162337945, 0.039518662665198628),9763.84836571
(-0.036126538053202088, -0.0015265446495195648, 0.03459999340368252),9993.37380187
(0.18665780548171246, 0.2177442917799717, 0.031086486298259247),12145.1534142
(0.14790103732847407, 0.067786120501028932, -0.080114916827445135),10677.861205
(0.020490271027359439, 0.032951111765319549, 0.01246084073796011),10331.4318887
(-0.0084764988553631803, -0.0086117776863662582, -0.00013527883100307794),9913.88222314
(-0.010276934689962051, -0.011604355895324806, -0.0013274212053627551),9883.95644105
(0.083530651055261404, 0.023173448054639813, -0.060357203000621591),10231.7344805
(0.039859781434769245, 0.0068473744790435373, -0.033012406955725708),10068.4737448
(0.034589052957271528, 0.034914583957711146, 0.00032553100043961752),10349.1458396
(0.008026643944611141, 0.0032771799725882372, -0.0047494639720229038),10032.7717997
(0.07698233934567944, 0.023309043950636443, -0.053673295395042994),10233.0904395
(0.019637861169110784, 0.020738555007242393, 0.0011006938381316091),10207.3855501
(-0.0074926280383417008, 0.022245163786290139, 0.029737791824631842),10223.9276976
(0.24235792642979609, 0.15127943189384277, -0.091078494535953319),11512.7943189
(0.036789134691201694, 0.060755555970306158, 0.023966421279104463),10607.5555597
(0.055144634910169743, 0.035352337663081559, -0.019792297247088184),10353.5233766
(0.059904030287688967, 0.032721975203252984, -0.027182055084435983),10327.219752
(0.17882875390419764, 0.084080298563505851, -0.09474845534069179),10840.8029856
(0.12893057649875206, 0.05698847741183781, -0.071942099086914249),10556.262762
(0.021478003990125311, -0.0028247833804312906, -0.024302787370556602),9950.01201418
(0.0091961816775614751, 0.0032235790256449036, -0.0059726026519165715),10032.2357903
(0.179858690475107, 0.086546680570643186, -0.093312009904463811),10865.4668057
(-0.20532173562435616, -0.13522908645146198, 0.070092649172894178),8647.70913549
(0.061595726595145131, 0.044880468593044495, -0.016715258002100636),10459.4717691
(0.013587967473913576, 0.0051840014173063541, -0.0084039660566072212),10047.683773
(0.010372981172481562, 0.022475315181395308, 0.012102334008913746),10224.7531518
(-0.12327669594614407, -0.082880946342355308, 0.040395749603788764),9208.23693727
(-0.030804778023139721, 1.0929425507310952e-05, 0.03081570744864703),10000.1092943
(0.10930732801739333, 0.057947699808210927, -0.051359628209182405),10579.4769981
(0.090997156338864502, 0.036301291129543098, -0.054695865209321404),10377.7563224
(-0.050977189928393396, -0.026394235260834831, 0.024582954667558565),9736.05764739
(0.05936657751525741, 0.042148323266001535, -0.017218254249255875),10421.4832327
(-0.11957046653205713, -0.0067581617686349998, 0.11281230476342213),9932.41838231
(0.04647768982443734, 0.028917917724103792, -0.017559772100333548),10289.1791772
(0.059331041657243684, 0.026039613187603755, -0.033291428469639929),10229.4946132
(-0.053792451839798451, 0.0047538546717873029, 0.058546306511585752),10050.5493292
(0.019564541546510009, 0.017991445419994669, -0.0015730961265153394),10179.9144542
(-0.021398703777362558, 0.0079309175501095525, 0.029329621327472112),10070.8129214
(0.17475171329974237, 0.15021908275424248, -0.024532630545499895),11502.1908275
(-0.17123029268098952, 0.0084814452367381818, 0.17971173791772771),10084.8144524
(-0.083247452192831792, -0.075205455883981628, 0.0080419963088501634),9247.94544116
(0.05326017065498851, 0.042689933290876982, -0.010570237364111529),10426.8993329
(0.026935603799470114, 0.046866792009681739, 0.019931188210211625),10468.6679201
(-0.058383627458470193, -0.039041130421581874, 0.019342497036888319),9586.68691148
(-0.046515433374672725, -0.028043706202428801, 0.018471727172243924),9719.56293798
(0.047367424568409061, 0.051446235395742043, 0.0040788108273329821),10514.462354
(-0.00083748473616526795, 0.010981083060107812, 0.011818567796273081),10113.8580583
(0.01755916357110051, 0.027026909529251863, 0.009467745958151353),10270.2690953
(0.20321821530324746, 0.12853560975895689, -0.07468260554429057),11315.8146495
(0.044035048303751968, 0.0023657701624915715, -0.041669278141260396),10023.6577016
(0.093994470913475792, 0.10583711723649339, 0.011842646323017597),11058.3711724
(0.030757845804279735, 0.01200823783053238, -0.018749607973747355),10120.0823783
(0.03691049503232241, 0.027204233153138375, -0.0097062618791840354),10272.0423315
(0.095427165927183727, 0.073742441937852524, -0.021684723989331203),10737.4244194
(0.12586487134622371, 0.10098512306150824, -0.024879748284715467),11009.8512306
(-0.15147407845892549, -0.024990812980184456, 0.12648326547874103),9750.0918702
(0.039601317077511793, 0.016643754158940829, -0.022957562918570963),10166.4375416
(0.08019858921843645, 0.027297107391211283, -0.052901481827225164),10264.8848867
(0.056864787754220908, 0.055403119596113722, -0.0014616681581071864),10554.031196
(0.048936910835527897, 0.045295029270526359, -0.0036418815650015382),10452.9502927
(-0.02142823775934434, -0.0073268539413038521, 0.014101383818040488),9926.73146059
(0.004603513808910025, -0.011091321767474438, -0.015694835576384462),9889.08678233
(0.021180650450942879, 0.022181098627960999, 0.0010004481770181199),10229.2026221
(0.090310138598110434, 0.050812569392032672, -0.039497569206077762),10508.1256939
(0.053817102778527241, 0.047026373390112348, -0.0067907293884148928),10475.3586223
(-0.02996594023083729, -0.02061474751393216, 0.0093511927169051302),9793.85252486
(0.004798630819558552, 0.014498025106241767, 0.0096993942866832154),10171.8460922
(-0.019127920366437179, 0.0048105894054746388, 0.023938509771911816),10046.9700953
(0.029724220162313835, -0.0024423674151625163, -0.032166587577476355),9975.57632585
(0.042044806144080953, 0.049106032632666941, 0.0070612264885859879),10491.773208
(0.087983556101752028, 0.030702829532983561, -0.057280726568768467),10307.0282953
(-0.01054630202237543, 0.062625108105420074, 0.073171410127795503),10626.2510811
(-0.12879548489604159, -0.062226006296404374, 0.066569478599637216),9371.55347026
(0.013206992720075052, 0.025699332672717172, 0.01249233995264212),10256.9933267
(-0.056701844467124701, -0.02752372781552076, 0.029178116651603941),9730.73236312
(0.0036133184660333178, 0.018347413468915691, 0.014734095002882374),10183.4741347
(0.098830358508159868, -0.019678465803926518, -0.11850882431208638),9803.21534196
(0.044385619305589749, 0.015967291489767013, -0.028418327815822736),10159.6729149
(-0.0038219424460430589, -0.027978592103527988, -0.02415664965748493),9720.21407896
(-0.066510839096317304, -0.028349848481891239, 0.038160990614426064),9716.50151518
(0.0029690076010923708, 0.073002108242866598, 0.070033100641774232),10730.0210824
(0.032417679719157891, 0.018144207778718738, -0.014273471940439153),10181.4420778
(0.008362197823307339, 0.0020904901128677013, -0.0062717077104396373),10020.9049011
(0.00055876250539252143, 0.0080989544830672461, 0.0075401919776747249),10061.4476191
(0.17102340090012325, 0.13281497557055119, -0.038208425329572054),11328.1497557
(-0.045030740868154027, -0.029261631220276287, 0.015769109647877741),9736.79318857
(0.022077055936522063, 0.02018711862751079, -0.0018899373090112727),10201.8711863
(0.098574047034701351, 0.058185199480470691, -0.04038884755423066),10581.8519948
(-0.11759446150204794, -0.059549763318646726, 0.058044698183401217),9404.50236681
(-0.057687312718956447, -0.0050971466272401811, 0.052590166091716267),9949.02853373
(0.007088529570395543, -0.0072678289405161195, -0.014356358510911663),9940.57653695
(-0.025172984958991246, 0.0017946908891779457, 0.026967675848169191),10003.3484832
(0.046751522498340414, 0.028854133201904913, -0.017897389296435501),10294.2182698
(0.10148581817394782, 0.04953602004962486, -0.05194979812432296),10495.3602005
(0.037338989416937265, 0.014151207522968435, -0.023187781893968831),10141.5120752
(-0.13056111830996978, -0.042262791148783251, 0.088298327161186518),9577.37208851
(0.02817343946376202, -0.010869851418021608, -0.039043290881783627),9893.31703375
(0.11525220887757209, 0.073618601035882233, -0.04163360784168986),10736.1860104
(0.12637676071789028, 0.0218822563681224, -0.10449450434976788),10218.8225637
(0.16266810233632789, 0.086937395040889168, -0.075730707295438723),10862.7720342
(-0.0018850531242244422, 0.0016906620763165847, 0.0035757152005410266),10016.9066208
(-0.032648515881936645, -0.013847210082404672, 0.018801305799531973),9861.52789918
(0.0031790381484577664, 0.007767369640427387, 0.0045883314919696206),10077.6736964
(-0.024881562223163747, -0.014758777106069829, 0.010122785117093918),9852.41222894
(0.057102050895306351, 0.057858270907901535, 0.00075622001259518373),10578.4491369
(-0.11291749366279379, -0.0072017106333498301, 0.10571578302944395),9945.2621404
(-0.12981937945996816, -0.030223966093323725, 0.099595413366644431),9697.76033907
(0.021870327727515883, -0.0031447135779731979, -0.02501504130548908),9968.55286422
(0.13719316969050158, 0.08744240019728497, -0.049750769493216607),10874.424002
(0.083853014407178128, 0.032883734322986677, -0.050969280084191451),10328.8373432
(-0.06007742131363223, -0.029370773405658111, 0.03070664790797412),9709.62468535
(0.0066948371502598093, 0.020859723874694827, 0.014164886724435017),10208.5972387
(0.10767764443538615, 0.11090940739632843, 0.0032317629609422832),11109.094074
(-0.012795689872885008, -0.0072574859195328823, 0.0055382039533521258),9927.4251408
(0.0010069997042378939, -0.046198679884627017, -0.047205679588864909),9537.47644176
(-0.10166060751335002, -0.039277190749449076, 0.06238341676390094),9614.49679404
(-0.066033664220975369, 0.012620222214542082, 0.078653886435517448),10124.3674993
(-0.0024000270425583487, -0.0038384243146365408, -0.0014383972720781921),9961.61575685
(0.12124187613320958, -0.0004976284551710705, -0.12173950458838065),9990.021407
(0.026399155227032737, 0.025511376958873733, -0.00088777826815900421),10255.1137696
(0.037348472603846709, 0.015088900971589282, -0.022259571632257426),10150.8890097
(-0.078377110129826358, -0.018623960758256907, 0.059753149371569447),9813.76039242
(0.083656950357928098, 0.042061940912301907, -0.041595009445626191),10415.3130452
(-0.15090586595717712, -0.026197087167440805, 0.12470877878973631),9703.56950431
(0.0072748961149545106, 0.041325697640612995, 0.034050801525658481),10413.2569764
(0.0072681883266841113, 0.025143172960983975, 0.017874984634299863),10251.4317296
(-0.106225415429076, -0.010561474798011113, 0.095663940631064884),9894.38525202
(-0.029923200625215998, 0.019008120653713739, 0.04893132127892974),10190.0812065
(0.013073493935721978, 0.03753220500864754, 0.024458711072925562),10375.3220501
(0.090503014246787278, -0.024096222372673039, -0.11459923661946031),9759.03777627
(0.056101183778188027, 0.051383661197445869, -0.0047175225807421575),10513.836612
(0.1841027574461446, 0.10225395614046101, -0.081848801305683588),11022.5395614
(0.13562474241863035, 0.071126254841462108, -0.064498487577168237),10739.8532149
(-0.043767789625727437, -0.019056213539545751, 0.024711576086181686),9809.4378646
(0.086679207130663849, 0.012964198424638744, -0.073715008706025098),10139.4395449
(0.011631068190683363, 0.010385592281719983, -0.0012454759089633796),10122.7210746
(0.12145664662209829, 0.072785906542467457, -0.048670740079630834),10727.8590654
(-0.063214395705926477, -0.024469035509287095, 0.038745360196639378),9758.05940099
(-0.084818345075286572, -0.07431166037715739, 0.010506684698129182),9247.67062248
(-0.04314275317336308, -0.013416859322423261, 0.029725893850939818),9865.83140678
(0.0091293630747694837, -0.0064079137843196807, -0.015537276859089164),9935.92086216
(-0.012603387160299401, -0.00099419556532975547, 0.011609191594969646),9990.05804435
(-0.022063509240221744, 0.00963205341621233, 0.03169556265643407),10104.6443738
(0.11133584663266323, 0.095656011007920094, -0.015679835624743135),10956.5601101
(-0.23642003715634646, -0.23236172554134338, 0.0040583116150030851),7676.38274459
(0.0023280163963643199, -0.041291003228649967, -0.043619019625014285),9588.58177351
(-0.036355183635518415, -0.017161733925770566, 0.019193449709747849),9828.38266074
(0.27108831137267153, 0.15642544711240297, -0.11466286426026856),11564.2544711
(-0.049405826059522581, -0.0039775563781593521, 0.04542826968136323),9960.22443622
(0.032956963198584481, 0.01475558689529771, -0.018201376303286769),10147.555869
(-0.031966583528233949, 0.0035625231898984565, 0.035529106718132406),10063.7078279
(0.18952380952380957, 0.14604485544774143, -0.043478954076068138),11460.4485545
(-0.052556922656635793, -0.025309576058619495, 0.027247346598016298),9746.90423941
(0.0084197238282947215, 0.011459872499069206, 0.003040148670774484),10114.598725
(0.029157083716651353, 0.0073305161660904561, -0.021826567550560897),10073.3051617
(0.0064745207911452995, 0.001739562930210741, -0.0047349578609345586),10015.1321604
(-0.10866784688752042, -0.11227639020571496, -0.0036085433181945459),8877.23609794
(-0.059929951262991353, 0.02118500896182977, 0.08111496022482112),10211.8500896
(0.032425094143972037, 0.02518289367662601, -0.0072422004673460272),10243.6049202
(0.076287185674229568, 0.011391429522500949, -0.064895756151728615),10126.9479608
(0.29629421357476254, 0.088631612550886529, -0.20766260102387601),10886.3161255
(0.010338491642107983, 0.022729930352105111, 0.012391438709997128),10227.2993035
(-0.0046783900695881349, 0.011139719122108909, 0.015818109191697044),10111.3971912
(-0.031385850605927253, -0.0038905272126556157, 0.027495323393271636),9961.09472787
(0.10151279915177221, 0.086449360177295057, -0.01506343897447715),10895.9580158
(0.074905380554072504, 0.015342837705383682, -0.059562542848688824),10153.4283771
(-0.10107217091911225, -0.063777610325115169, 0.037294560593997078),9362.22389675
(0.075589449380815979, 0.1009079343655012, 0.025318484984685224),11009.0793437
(-0.0083674503017768832, 0.013085276275339675, 0.021452726577116558),10130.8527628
(0.011756776168219121, 0.015723375206329909, 0.0039665990381107883),10154.9047726
(0.020488297102244181, 0.037472018569526699, 0.016983721467282518),10369.2370011
(-0.14564615857616239, -0.13527272923887976, 0.010373429337282636),8647.27270761
(0.070125773071888123, 0.033907761771688999, -0.036218011300199124),10347.4864628
(0.045774697143496586, -0.010699243129670504, -0.056473940273167086),9893.0075687
(-0.070217490923190864, -0.018919158347931442, 0.051298332575259425),9810.80841652
(0.041592169924089983, 0.004390669836654342, -0.037201500087435641),10045.1875953
(0.11878154125937709, 0.038318848741906185, -0.080462692517470902),10383.1884874
(0.028536167056805801, 0.07377795635428884, 0.045241789297483043),10737.7795635
(0.090091775734159052, -0.0051670444013592713, -0.095258820135518327),9950.72071449
(0.068160959038178093, 0.051353381047758918, -0.016807577990419174),10513.5338105
(0.016863425925925983, 0.096147613979476951, 0.079284188053550975),10961.4761398
(-0.028542276706467813, 0.020260859870164859, 0.048803136576632669),10202.6085987
(0.010767343600926757, 0.0036029119944600099, -0.0071644316064667472),10036.0291199
(-0.02207621550591336, -0.0077620209555851038, 0.014314194550328256),9922.37979044
(0.037851388134684388, 0.013027966214047046, -0.024823421920637342),10130.2796621
(-0.0030562810911574307, -0.0065347402259463708, -0.0034784591347889401),9934.65259774
(0.0067758227142831135, 0.01589001561090863, 0.009114192896625517),10141.037717
(0.043103160981787195, 0.037045512581406911, -0.0060576484003802833),10370.4551258
(0.046035450536518356, 0.035209196785093627, -0.010826253751424729),10352.0919679
(-0.027025535765521125, -0.0087605202912824105, 0.018265015474238713),9912.39479709
(-0.0098492991422993604, -0.0064664040208726875, 0.0033828951214266729),9935.33595979
(0.069398380611809904, 0.10677084697708997, 0.037372466365280063),11084.0320987
(0.094766323603846847, 0.075038381125136222, -0.019727942478710625),10750.3838113
(0.045225573086567682, 0.029596763594724323, -0.015628809491843358),10295.9676359
(0.066385092196085307, 0.030356329987640127, -0.036028762208445184),10303.5632999
(-0.058153402516954666, 0.0063675405327161573, 0.06452094304967082),10063.6754053
(0.0054035810115261379, -0.017792655033637129, -0.023196236045163268),9822.07344966
(0.05140057808382216, 0.02569029345656745, -0.02571028462725471),10259.5989814
(-0.038963192809758268, 0.0068217809997873705, 0.045784973809545639),10068.21781
(-0.0004812905545278582, -0.0021447208274586954, -0.0016634302729308372),9981.9115599
(0.0097786161724716537, 0.013737078907851355, 0.003958462735379701),10137.3707891
(0.022778269594721488, 0.028458213914912083, 0.0056799443201905955),10284.5821391
(0.024545122117036199, 0.020492127318353776, -0.004052994798682423),10204.9212732
(-0.15331214021413353, -0.10827452015049202, 0.045037620063641509),8917.2547985
(0.018834554577328175, 0.016988290337770558, -0.001846264239557617),10169.8829034
(0.018718781736605097, 0.018223447521524213, -0.00049533421508088371),10182.2344752
(-0.026021365695130177, -0.036108748430880772, -0.010087382735750595),9638.91251569
(-0.010464856160227428, -0.0109205852270974, -0.00045572906686997157),9890.79414773
(10.354262249631667, 8.7004414705734519, -1.6538207790582149),97004.4147057
(0.012529902312908198, -0.015073089273757978, -0.027602991586666174),9849.26910726
(-0.1446906253254647, -0.14392717292885573, 0.00076345239660896569),8560.72827071
(-0.16104628422565792, -0.17151099603819658, -0.010464711812538663),8284.89003962
(-9.7315030297557539e-05, -0.0084268983821530127, -0.008329583351855456),9915.73101618
(-0.061807852322892022, -0.061114540801842671, 0.00069331152104935151),9388.85459198
(0.81897237955449709, -0.0048578613909152409, -0.82383024094541235),9951.42138609
(-0.014377011884349242, -0.014377011884349304, -6.2450045135165055e-17),9856.22988116
(-0.64445246820168034, -0.64055806661971204, 0.0038944015819682987),3594.4193338
(-0.0018116966095590174, -0.002011462704155201, -0.00019976609459618363),9979.88537296
(-0.068022628209792449, -0.079170104785103834, -0.011147476575311385),9208.29895215
(0.0027269899297390574, 0.0015352038576522317, -0.0011917860720868257),10015.3520386
(-0.12926843244092984, -0.12845077123888404, 0.00081766120204579407),8715.49228761
(-0.0096835552978102209, -0.0091077437297866701, 0.0005758115680235508),9908.9225627
(0.017255698523485588, 0.01239869579022161, -0.0048570027332639782),10123.9869579
(0.032059716985778079, 0.04023288690442605, 0.0081731699186479712),10402.328869
(-0.095665381063799099, -0.096021767606800312, -0.00035638654300121364),9039.78232393
(0.0048341600531671683, -0.010652130648306411, -0.01548629070147358),9893.47869352
(-0.00097491129416314552, -0.0015579829786893243, -0.0005830716845261788),9984.42017021
(-0.095232023628185627, -0.084108451494433217, 0.01112357213375241),9158.91548506
(-0.052005081654717858, -0.034424096714814729, 0.017580984939903128),9655.75903285
(-0.0032219994391539017, -0.0086496696983664155, -0.0054276702592125133),9913.50330302
(-0.1691284182519614, -0.16826502143033248, 0.00086339682162892006),8317.3497857
(0.019985777056172764, 0.0186974507195544, -0.0012883263366183645),10186.9745072
(0.34022089332102634, 0.32308650829843244, -0.017134385022593901),13230.865083
(-0.0021579910712598289, -0.0024178085580504557, -0.00025981748679062677),9975.82191442
(-0.0055891069453105138, -0.010181627654870863, -0.004592520709560349),9898.18372345
(-0.0058189905472120912, -0.001721559520732626, 0.0040974310264794648),9982.78440479
(-0.022125482174660122, -0.023724087078259619, -0.0015986049035994973),9762.75912922
(-0.037046839264083961, -0.041256405867898499, -0.004209566603814538),9587.43594132
(-0.1149621331587711, -0.10299299619341364, 0.011969136965357466),8970.07003807
(-0.084445578967517573, -0.080569392014918417, 0.003876186952599156),9194.30607985
(-0.17211213454936211, -0.19742899439170122, -0.025316859842339112),8025.71005608
(-0.0080171463416394469, -0.0028108831869043571, 0.0052062631547350902),9971.89116813
(-0.57782978162121879, -0.52254296890111229, 0.055286812720106493),4774.57031099
(-0.066884913261353471, -0.06688491326135354, -6.9388939039072284e-17),9331.15086739
(-0.07607732270253674, -0.075361613268650762, 0.00071570943388597763),9246.38386731
(0.0086628726621649655, 0.014555040734121394, 0.0058921680719564284),10145.5504073
(-0.15325446050609606, -0.15667645742651731, -0.0034219969204212497),8433.23542573
(-0.028968218318303294, -0.011355278178844309, 0.017612940139458987),9886.44721821
(-0.12039052897536201, -0.1242698505643175, -0.0038793215889554866),8757.30149436
(-0.15909271978319395, -0.15931016941613926, -0.00021744963294531572),8406.89830584
(-0.033293952315078854, -0.033959611836465044, -0.00066565952138619017),9660.40388164
(-0.045527161962519512, -0.047200307606088246, -0.0016731456435687339),9527.99692394
(0.055446699590064971, 0.05088122536362389, -0.0045654742264410811),10508.8122536
(0.0084408638282644933, 0.01262406110744123, 0.0041831972791767369),10126.2406111
(-0.024837239357419404, -0.024675833295590199, 0.00016140606182920431),9753.24166704
(-0.0025599039836047962, -0.0029111012888968619, -0.00035119730529206564),9970.88898711
(-0.01977252986886599, -0.019295849390269723, 0.00047668047859626694),9807.0415061
(-0.027511620936249225, -0.027731788574753957, -0.00022016763850473201),9722.68211425
(-0.2956969371221867, -0.26508050161188274, 0.030616435510303963),7349.19498388
(0.038251848265744272, 0.03825184826574423, -4.163336342344337e-17),10382.5184827
(0.75882787513678529, 0.15653125160971376, -0.60229662352707147),11565.3125161
(0.015724253885688971, 0.016291626940125023, 0.00056737305443605238),10162.9162694
(-0.11179955355182114, -2.4733547797809323, -2.3615552262291111),-14733.5477978
(0.04981162252449127, 0.049811622524491214, -5.5511151231257827e-17),10498.1162252
(-0.0064376330042752849, -0.0053422593362696712, 0.0010953736680056137),9946.57740664
(-0.0058394045256973367, 0.0018882779814613968, 0.007727682507158733),10018.8827798
(-0.11755893795234096, -0.10951135540717259, 0.0080475825451683664),8904.88644593
(0.1054612723542963, 0.12063267563551162, 0.015171403281215329),11206.3267564
(0.073791770871322035, 0.072454222202567142, -0.0013375486687548926),10724.542222
(0.89026154752220654, 0.89026154752220643, -1.1102230246251565e-16),18902.6154752
(0.0026068196234872616, 0.0026068196234871719, -8.9771939881799767e-17),10026.0681962
(-0.7366503069961039, -0.73187300675644074, 0.0047773002396631625),2681.26993244
(0.053518782150487117, 0.053518782150487096, -2.0816681711721685e-17),10535.1878215
(0.006739264010425872, 0.00080461142181229657, -0.0059346525886135757),10008.0461142
(-0.10564143433068657, -0.097017262937133461, 0.0086241713935531067),9029.82737063
(0.018758690557733614, 0.018758690557733645, 3.1225022567582528e-17),10187.5869056
(0.087857560141127194, 0.092623393348436181, 0.0047658332073089865),10926.2339335
(-0.18942173065792853, -0.1881143298435386, 0.0013074008143899307),8118.85670156
(0.014146468603966657, 0.013551638322740108, -0.00059483028122654831),10135.5163832
(-2.786874238733688, -5.1346224397534757, -2.3477482010197877),-41346.2243975
(-0.013574846873575883, -0.011789826448876011, 0.0017850204246998725),9882.10173551
(-0.03787556133094018, -0.037777089584656462, 9.8471746283718131e-05),9622.22910415
(-0.013474741226955429, -0.2371474148007337, -0.22367267357377826),7551.93930289
(-0.0052973691066114251, -0.0052973691066114043, 2.0816681711721685e-17),9947.02630893
(-0.0022627555265776135, -0.002090102853602548, 0.00017265267297506557),9979.09897146
(0.015704724410745542, 0.016192341803737326, 0.00048761739299178417),10161.923418
(-0.02626405822640053, -0.022558204037817085, 0.0037058541885834455),9774.41795962
(0.025529352946971215, 0.05481479505315219, 0.029285442106180976),10548.1479505
(0.020224552540745393, 0.017701021777745882, -0.0025235307629995103),10177.0102178
(-0.0034544741423209154, -0.0026580300069212171, 0.00079644413539969828),9973.41969993
(-0.038131394803014494, -0.034355826315652302, 0.0037755684873621922),9656.44173684
(0.0083497107849559299, 0.010107248976121083, 0.0017575381911651526),10101.0724898
(0.012652134488126464, 0.011617674673271723, -0.0010344598148547407),10116.1767467
(-0.027865324651990188, -0.025686593656217338, 0.0021787309957728498),9743.13406344
(0.022025753434829605, 0.021974150927982918, -5.1602506846687435e-05),10219.7415093
(-0.0042616300716793324, 0.029199371568879542, 0.033461001640558874),10291.9937157
(0.033262453732194636, 0.040919582650536357, 0.0076571289183417213),10409.1958265
(-0.11617188265117449, -0.11960823738528106, -0.0034363547341065698),8803.91762615
(-0.24500326778487261, -0.26570829208336544, -0.02070502429849283),7342.91707917
(0.0083451287452533923, 0.023730380349450752, 0.01538525160419736),10237.3038035
(-0.02491121223422894, -0.025286262951866773, -0.00037505071763783288),9747.13737048
(-0.030011587652909896, -0.028906424475503446, 0.0011051631774064499),9710.93575524
(-0.58372838369013647, -0.58125494708752967, 0.0024734366026067933),4187.45052912
(0.029234886542255051, 0.029234886542254934, -1.1796119636642288e-16),10292.3488654
(0.031617294886057565, 0.34580341302366108, 0.3141861181376035),13458.0341302
(-0.07634988311664849, -0.082479439719222322, -0.0061295566025738324),9175.20560281
(0.010521017968405214, 0.022982722097841905, 0.012461704129436691),10229.827221
(-0.4301366119176902, -0.42994454887133476, 0.00019206304635543958),5700.55451129
(0.0012802348017026176, 0.0025773515933929956, 0.001297116791690378),10025.7735159
(0.016621158053316109, 0.019187837163545374, 0.0025666791102292655),10191.8783716
(0.0093260748176983519, -0.0079814598253566144, -0.017307534643054966),9920.18540175
(-0.011791980667788367, -0.01128947286973471, 0.00050250779805365714),9887.1052713
(-0.012848723775297752, -0.014061812416291468, -0.0012130886409937158),9859.38187584
(-0.00012035513755802233, 0.0014186676569654083, 0.0015390227945234307),10014.1866766
(-0.027657423580358526, -0.034782196093198943, -0.0071247725128404174),9652.17803907
(-0.0046271597687709155, -0.0059916810960163273, -0.0013645213272454118),9940.08318904
(-0.073712645473641439, -0.071855530440026086, 0.001857115033615353),9281.4446956
(-0.24931755651138848, -0.23355025170844257, 0.015767304802945914),7664.49748292
(0.35673844165831209, 0.35673844165831214, 5.5511151231257827e-17),13567.3844166
(-0.069127871086698586, -0.051275589546059382, 0.017852281540639205),9487.24410454
(0.036321807876644643, 0.03932926483004285, 0.0030074569533982062),10393.2926483
(-0.0068983509184495431, -0.013237401959065937, -0.006339051040616394),9867.62598041
(-0.42202595053823633, -0.42228650197353207, -0.00026055143529574165),5777.13498026
(-0.11929967406233637, -0.062483481284084152, 0.056816192778252214),9375.16518716
(0.018388159963654435, 0.017195552660690193, -0.0011926073029642423),10171.9555266
(-0.016842232805491492, -0.02269851526008879, -0.0058562824545972982),9773.0148474
(0.048447802895138309, 0.048072641337604909, -0.00037516155753340025),10480.7264134
(0.00082969960566168371, 0.00123484786326444, 0.00040514825760275632),10012.3484786
(-0.0033347132903684619, -0.0034873038882547915, -0.00015259059788632961),9965.12696112
(0.73667901844401862, 0.9571665381121216, 0.22048751966810298),19571.6653811
(-0.62793654742004557, -0.62793654742004545, 1.1102230246251565e-16),3720.6345258
(-0.21827965564062038, -0.21827965564062032, 5.5511151231257827e-17),7817.20344359
(-0.016969934438604149, -0.015440500221264666, 0.0015294342173394829),9845.59499779
(-0.032944685290213931, -0.040207576386865368, -0.0072628910966514373),9597.92423613
(0.013159834464267453, 0.021665907524247269, 0.0085060730599798157),10216.6590752
(0.11637388494371481, 0.11041414966219672, -0.0059597352815180943),11104.1414966
(-0.00041244884017348449, 0.011598221937664676, 0.01201067077783816),10115.9822194
(-0.023236191035044481, -0.020630548735257073, 0.0026056422997874085),9793.69451265
(-0.57185326414327853, -0.56232812699606971, 0.0095251371472088175),4376.71873004
(-0.16652740342960967, -1.6415960656089454, -1.4750686621793359),-6415.96065609
(-0.26081549943904653, -0.26081549943904658, -5.5511151231257827e-17),7391.84500561
(-0.014047727216873064, -0.014047727216873135, -7.1123662515049091e-17),9859.52272783
(0.010001001851258802, 0.0074251920786433398, -0.0025758097726154621),10074.2519208
(11.892823067383548, 8.2401315287044348, -3.6526915386791128),92401.315287
(-0.098689212874826196, -0.099049007085567797, -0.00035979421074160134),9009.50992914
(0.032970836465536758, 0.032970836465536738, -2.0816681711721685e-17),10329.7083647
(0.068283836085536578, 0.061653988698752618, -0.0066298473867839602),10616.539887
(-0.057048502349395583, 0.0062543640128242262, 0.063302866362219809),10062.5436401
(0.034432125951763135, 0.03443212595176301, -1.2490009027033011e-16),10344.3212595
(-0.042880925886134319, -0.04760589861841618, -0.004724972732281861),9523.94101382
(-0.035705780481399906, -0.068831358336839912, -0.033125577855440007),9311.68641663
(0.032380165176576547, 0.03238016517657652, -2.7755575615628914e-17),10323.8016518
(0.012608867541777077, 0.008812431302703953, -0.0037964362390731244),10088.124313
(1.7562168061430132, 1.6415609948899292, -0.11465581125308399),26415.6099489
(0.0068864476544224984, 0.0068864476544225912, 9.280770596475918e-17),10068.8644765
(0.019043518065751417, 0.021142115686824947, 0.0020985976210735301),10211.4211569
(-0.086985096348215427, -0.083060029157933424, 0.0039250671902820028),9169.39970842
(0.12820565444332083, 0.12572331647539814, -0.0024823379679226876),11257.2331648
(-0.023692088998316263, -0.023646304259812494, 4.5784738503768657e-05),9763.5369574
(-0.097017046300550164, -0.096587432365103087, 0.00042961393544707627),9034.12567635
(0.013999737779709228, 0.013999737779709358, 1.3010426069826053e-16),10139.9973778
(-0.0044229811272849095, -0.0035889335606916575, 0.000834047566593252),9964.11066439
(0.0018512581837937631, 0.0040134054881256816, 0.0021621473043319187),10040.1340549
(-0.10659528026376565, -0.10907404498558936, -0.0024787647218237063),8909.25955014
(-0.009858321378681683, -0.0092784888587113534, 0.00057983251997032956),9907.21511141
(-0.0026778786180055229, -0.0003441211432867931, 0.0023337574747187297),9996.55878857
(-0.038924859501377466, -0.040338280491674774, -0.001413420990297308),9596.61719508
(-0.87460796933509821, -1.1889874505373756, -0.31437948120227743),-1889.87450537
(-0.03725820332602818, -0.037258203326028159, 2.0816681711721685e-17),9627.41796674
(0.035256682860537542, 0.029365826022015425, -0.0058908568385221162),10293.6582602
(-0.0038992033180024819, -0.0038992033180024008, 8.1098322501915732e-17),9961.00796682
(-0.0059799266389023598, -0.0050899507066540541, 0.00088997593224830578),9949.10049293
(0.0010545353351474117, 0.00050317828799252313, -0.00055135704715488854),10005.0317829
(-0.035601169940306057, -0.035601169940305953, 1.0408340855860843e-16),9643.9883006
(0.030732066021948043, -0.0062848077890104836, -0.037016873810958528),9937.15192211
(-0.09171711290743377, -0.091717112907433881, -1.1102230246251565e-16),9082.82887093
(0.008973050007367183, 0.0093586018216830786, 0.00038555181431589557),10093.5860182
(-0.1435957124071929, 0.23131462434628502, 0.37491033675347796),12313.1462435
(0.020158442490915973, 0.02015844249091606, 8.6736173798840355e-17),10201.5844249
(-0.082088862294687634, -0.077877204530000743, 0.0042116577646868908),9221.2279547
(0.08953374067841334, 0.065226018347190259, -0.024307722331223081),10652.2601835
(0.0017067814268366206, 0.0048222172409283304, 0.0031154358140917096),10048.2221724
(3.2776624987861509, 2.8433814071733732, -0.43428109161277773),38433.8140717
(-0.018238681986244527, -0.018238681986244409, 1.1796119636642288e-16),9817.61318014
(0.022282404950156619, 0.017992374608031606, -0.0042900303421250126),10179.9237461
(0.079204068040416922, 0.078639683097971827, -0.00056438494244509529),10786.396831
(0.029730368512825348, 0.036699117015651608, 0.0069687485028262601),10366.9911702
(-0.13558939278130192, -0.13558939278130203, -1.1102230246251565e-16),8644.10607219
(-0.011169294040254992, -0.011169294040255046, -5.377642775528102e-17),9888.3070596
(0.020332708520691519, 0.017111303058549857, -0.0032214054621416618),10171.1130306
(0.018422704328481511, 0.017007432080520083, -0.0014152722479614278),10170.0743208
(-0.08731325152310751, -0.087313251523107649, -1.3877787807814457e-16),9126.86748477
(-0.012335127029942867, -0.01233512702994285, 1.7347234759768071e-17),9876.6487297
(0.029031589893802421, 0.020260663149062386, -0.0087709267447400353),10202.6066315
(0.020005697394030013, 0.019355098516690487, -0.00065059887733952618),10193.5509852
(0.008320976808911907, 0.010641082072146492, 0.0023201052632345846),10106.4108207
(-1.609492478182019, -1.6237243314152623, -0.014231853233243275),-6237.24331415
(-0.026145145036938388, -0.026145145036938447, -5.8980598183211441e-17),9738.54854963
(0.055504753744562672, 0.055504753744562728, 5.5511151231257827e-17),10555.0475374
(-0.025810923852396236, -0.025810923852396264, -2.7755575615628914e-17),9741.89076148
(0.016498129193186641, 0.016498129193186651, 1.0408340855860843e-17),10164.9812919
(-0.23733987704876261, -0.23524075754699489, 0.0020991195017677211),7647.59242453
(0.028957912829958663, 0.029201682833574161, 0.00024377000361549758),10292.0168283
(-0.030928536146486458, -0.030928536146486475, -1.7347234759768071e-17),9690.71463854
(0.0054618389334691918, 0.0054618389334693349, 1.4311468676808659e-16),10054.6183893
(0.04737788794269062, 0.047377887942690537, -8.3266726846886741e-17),10473.7788794
(-0.0054691322183521756, -0.0054691322183522059, -3.0357660829594124e-17),9945.30867782
(-0.052996344362541296, -0.055004249217045435, -0.0020079048545041389),9449.95750783
(0.21962616261240189, -0.053461010617064861, -0.27308717322946674),9465.38989383
(-0.01513277786859767, -0.01764501757181897, -0.0025122397032213001),9823.54982428
(0.037737933116451357, 0.037737933116451315, -4.163336342344337e-17),10377.3793312
(-0.60296554297320104, -0.60296554297320093, 1.1102230246251565e-16),3970.34457027
(-0.093215957185910803, -0.093215957185910886, -8.3266726846886741e-17),9067.84042814
(-0.080241859138133004, -0.080241859138132893, 1.1102230246251565e-16),9197.58140862
(0.050451762008041773, 0.050451762008041807, 3.4694469519536142e-17),10504.5176201
(0.067364040503103392, 0.16780110576881707, 0.10043706526571368),11678.0110577
(-0.29829268863430075, 1.2093298885884236, 1.5076225772227243),22093.2988859
(-0.054563942810745218, -0.054563942810745357, -1.3877787807814457e-16),9454.36057189
(-0.41198865791217387, -0.41198865791217387, 0.0),5880.11342088
(-0.22418267357417207, -0.22418267357417199, 8.3266726846886741e-17),7758.17326426
(-0.014100383559107589, -0.01410038355910765, -6.0715321659188248e-17),9858.99616441
(0.036579519301635006, 0.036579519301635083, 7.6327832942979512e-17),10365.795193
(-0.074864788066500917, -0.067443276348926343, 0.0074215117175745748),9325.56723651
(-0.011714111426264457, -0.011714111426264389, 6.7654215563095477e-17),9882.85888574
(0.0079096300720112121, 0.0070307069974176557, -0.00087892307459355636),10070.30707
(-0.0026118950050360947, -0.0026118950050360583, 3.6429192995512949e-17),9973.88104995
(0.018162082404460253, 0.018162082404460309, 5.5511151231257827e-17),10181.620824
(-0.0083161866139417548, -0.0083161866139416819, 7.2858385991025898e-17),9916.83813386
(-0.0069735301423471509, -0.0069735301423470442, 1.0668549377257364e-16),9930.26469858
(0.019601094619638788, 0.019601094619638753, -3.4694469519536142e-17),10196.0109462
(-0.02454953239299797, -0.024549532392997935, 3.4694469519536142e-17),9754.50467607
(-0.0007889442930020396, 0.0008894808478018604, 0.0016784251408039001),10008.8948085
(-0.15443667317621121, -0.13567290702395857, 0.018763766152252642),8643.27092976
(-0.0038647167054722282, -0.0038647167054721649, 6.3317406873153459e-17),9961.35283295
(-0.11848132505858446, -0.11848132505858448, -2.7755575615628914e-17),8815.18674941
(-0.0036522398452830062, -0.0036522398452829294, 7.6761513811973714e-17),9963.47760155
(0.13206483455510523, 0.13195753096564458, -0.00010730358946065),11319.5753097
(-0.063007599524331145, -0.06300759952433109, 5.5511151231257827e-17),9369.92400476
(1.5136798976653512, 1.8610686201443178, 0.34738872247896668),28610.6862014
(-0.00045496919302904766, -0.0004549691930289555, 9.2157184661267877e-17),9995.45030807
(-2.8750016804401826, -2.8750016804401826, 0.0),-18750.0168044
(-0.27072413981125421, 0.15678159283821078, 0.42750573264946501),11567.8159284
(-0.024029945868959127, -0.024029945868959113, 1.3877787807814457e-17),9759.70054131
(-0.063592351313431675, -0.063592351313431578, 9.7144514654701197e-17),9364.07648687
(-0.058575288931138877, -0.058184149452166642, 0.00039113947897223555),9418.15850548
(0.010619309463588607, 0.011916101566157522, 0.0012967921025689149),10119.1610157
(-1.2374314636788832, -1.2374314636788832, 0.0),-2374.31463679
(-0.77625346975027243, -0.77625346975027254, -1.1102230246251565e-16),2237.4653025
(0.025644204919113556, 0.025644204919113508, -4.8572257327350599e-17),10256.4420492
(0.026342385444216056, 0.02524777796398521, -0.0010946074802308456),10252.4777796
(-0.070345811569499331, -0.070345811569499345, -1.3877787807814457e-17),9296.54188431
(0.067416768759078941, 0.067416768759079065, 1.2490009027033011e-16),10674.1676876
(0.041765652393162253, 0.04176565239316242, 1.6653345369377348e-16),10417.6565239
(-0.36463408162687094, -2.1184190475660833, -1.7537849659392124),-11184.1904757
(-0.73658804715729143, -0.73658804715729143, 0.0),2634.11952843
(-1.7607948703758483, -1.7607948703758485, -2.2204460492503131e-16),-7607.94870376
(-0.084814259353162794, -1.7711112032959175, -1.6862969439427546),-7711.11203296
(-0.02451318601138764, -0.024513186011387734, -9.3675067702747583e-17),9754.86813989
(0.0086238877315371262, 0.0086238877315372511, 1.2490009027033011e-16),10086.2388773
(0.034625301478799025, 0.034723459319144605, 9.8157840345579339e-05),10347.2345932
(-0.98319987200104697, -0.98722743048046957, -0.0040275584794225994),127.725695195
(0.010231347909215748, 0.010813604474453495, 0.00058225656523774698),10108.1360447
(-0.0049724605733179406, -0.0049724605733179484, -7.8062556418956319e-18),9950.27539427
(-0.068117865906958133, -0.068117865906958106, 2.7755575615628914e-17),9318.82134093
(0.0083769398993573576, 0.0086700469358194816, 0.00029310703646212403),10086.7004694
(-94.195496157326687, -94.195496157326701, -1.4210854715202004e-14),-931954.961573
(-0.010230515201212317, -0.010230515201212438, -1.214306433183765e-16),9897.69484799
(-0.0083801392066047108, -0.0083801392066046899, 2.0816681711721685e-17),9916.19860793
(-0.03063842476758763, -0.030638424767587633, -3.4694469519536142e-18),9693.61575232
(2.4904190890538795, 1.9637194151963293, -0.52669967385755023),29637.194152
(-32.58895188050068, -884.76326333692089, -852.17431145642024),-8837632.63337
(0.042662918202089756, 0.042662918202089714, -4.163336342344337e-17),10426.629182
(-3.1119220563659336, -1.0039919006827136, 2.1079301556832197),-39.9190068271
(0.14485397828032212, 0.056007426992428555, -0.088846551287893566),10560.0742699
(0.049687795788033028, 0.049493955027798804, -0.00019384076023422347),10494.9395503
(0.16005540366782578, 0.16005540366782589, 1.1102230246251565e-16),11600.5540367
(0.0024004056464617977, 0.0024004056464616949, -1.0278236595162582e-16),10024.0040565
(0.5022379121915358, 0.26324992419860194, -0.23898798799293386),12632.499242
(-0.066659879937952402, -0.066445245239550602, 0.00021463469840179994),9335.5475476
(-0.10939013334494198, -0.10939013334494194, 4.163336342344337e-17),8906.09866655
(-0.0029188224637223016, 0.0078828628705958186, 0.01080168533431812),10078.8286287
(-1.4806424716140236, -1.4833565665353967, -0.0027140949213730892),-4833.56566535
(-0.028342745178476039, -0.02834274517847607, -3.1225022567582528e-17),9716.57254822
(0.043643018136002958, 0.043643018136002867, -9.0205620750793969e-17),10436.4301814
(-0.019502413969884547, -0.019502413969884582, -3.4694469519536142e-17),9804.9758603
(-0.18573297229885283, -0.18573297229885294, -1.1102230246251565e-16),8142.67027701
(-0.076085159024681381, -0.07608515902468134, 4.163336342344337e-17),9239.14840975
(0.040795956415635826, 0.041215634204522761, 0.00041967778888693519),10412.156342
(-0.15541114400594727, -0.15085719919699986, 0.0045539448089474133),8491.42800803
(-0.0032489399024372557, -0.0032489399024372687, -1.3010426069826053e-17),9967.51060098
(0.0012822627535637454, 0.0012822627535637365, -8.8904578143811364e-18),10012.8226275
(-0.031745583430048602, -0.031745583430048643, -4.163336342344337e-17),9682.5441657
(0.013561092409720386, 0.013561092409720367, -1.9081958235744878e-17),10135.6109241
(-0.00086383027570569157, -0.00086383027570554986, 1.4170522394385543e-16),9991.36169724
(0.015185750738160713, 0.018279806873054985, 0.0030940561348942724),10182.7980687
(0.027009067740677427, 0.027009067740677534, 1.0755285551056204e-16),10270.0906774
(-0.023809741494998333, -0.021611957477577017, 0.0021977840174213156),9783.88042522
(-0.014222141943565279, -0.014222141943565293, -1.3877787807814457e-17),9857.77858056
(-0.3447769978147136, -0.33896928579513841, 0.0058077120195751952),6610.30714205
(-0.10711341264331035, -0.1071134126433104, -4.163336342344337e-17),8928.86587357
(0.027148472422111526, 0.024539754701445236, -0.0026087177206662905),10245.397547
(-0.039756631897474873, -0.039756631897474838, 3.4694469519536142e-17),9602.43368103
(-0.0052864533805750758, -0.0052864533805750393, 3.6429192995512949e-17),9947.13546619
(0.0049353589729828826, 0.0049353589729829762, 9.3675067702747583e-17),10049.3535897
(-0.0010541229637283476, -0.0010541229637283322, 1.5395670849294163e-17),9989.45877036
(-1.954118569475767, -1.954118569475767, 0.0),-9541.18569476
(-0.013380575302734747, -0.013380575302734723, 2.4286128663675299e-17),9866.19424697
(-0.0059269943846430046, -0.0055694794754121172, 0.00035751490923088738),9944.30520525
(0.042337479894773287, 0.043556580516860233, 0.0012191006220869452),10435.5658052
(0.045898387909531942, 0.04589838790953181, -1.3183898417423734e-16),10458.9838791
(0.010705309566276576, 0.012375054950034428, 0.0016697453837578521),10123.7505495
(-0.28535050170132242, -0.27159011512640152, 0.013760386574920902),7284.09884874
(-0.019984485374089034, -0.020017489159317482, -3.3003785228448435e-05),9799.82510841
(0.065559179416185998, 0.067678908279600186, 0.0021197288634141886),10676.7890828
(-0.10431210001228178, -0.10431210001228174, 4.163336342344337e-17),8956.87899988
(-0.081687566599145722, -0.081687566599145611, 1.1102230246251565e-16),9183.12433401
(0.026349410879386831, 0.0085211088462703623, -0.017828302033116469),10085.2110885
(-0.0042162322562667321, -0.0018161614309818105, 0.0024000708252849218),9981.83838569
(0.045427110059451152, 0.045427110059451117, -3.4694469519536142e-17),10454.2711006
(0.005759397236258036, 0.0045267662234820816, -0.0012326310127759544),10045.2676622
(-0.026824870930847379, -0.026477844620717225, 0.00034702631013015448),9735.22155379
(1.2404816954422129, 2.0324058411614008, 0.7919241457191879),30324.0584116
(0.05920686555599828, 0.059206865555998231, -4.8572257327350599e-17),10592.0686556
(-0.55029093602414902, 12.594476291218953, 13.144767227243102),135944.762912
(-0.09152607910011766, -0.091526079100117744, -8.3266726846886741e-17),9084.739209
(0.010253965940882674, 0.010253965940882698, 2.4286128663675299e-17),10102.5396594
(-0.0043016093639211949, -0.0043016093639213068, -1.1188966420050406e-16),9956.98390636
(-0.015762228905999064, -0.015762228905999109, -4.5102810375396984e-17),9842.37771094
(-0.028560735554576753, -0.028560735554576788, -3.4694469519536142e-17),9714.39264445
(0.039794580228459005, 0.039794580228459019, 1.3877787807814457e-17),10397.9458023
(-0.0075674001677754421, -0.0098192963536515888, -0.0022518961858761467),9901.80703646
(0.0096813967967371607, 0.012591258996409487, 0.0029098621996723265),10125.91259
(0.0048341600531671683, 0.004834160053167216, 4.7704895589362195e-17),10048.3416005
(-0.03307284712202057, -0.031442244364568432, 0.0016306027574521376),9685.57755635
(0.0078414436058733585, 0.011659569130161071, 0.0038181255242877125),10116.5956913
(-0.018267903211181796, -0.018267903211181873, -7.6327832942979512e-17),9817.32096789
(0.037493076327774703, 0.037493076327774724, 2.0816681711721685e-17),10374.9307633
(-0.05259015339433943, -0.05259015339433936, 6.9388939039072284e-17),9474.09846606
(-0.0091368271900130159, -0.057544586738194632, -0.04840775954818162),9424.55413262
(0.36670585472244294, 0.36670585472244294, 0.0),13667.0585472
(0.021484416260941872, 0.021484416260941906, 3.4694469519536142e-17),10214.8441626
(-0.56350440063067508, -1.0476016286626348, -0.48409722803195976),-476.016286626
(0.014787913208039263, 0.037498300786698927, 0.022710387578659664),10374.9830079
(-0.063401175357493678, -0.063401175357493775, -9.7144514654701197e-17),9365.98824643
(-0.033209410747843636, -0.011094677628247882, 0.022114733119595754),9889.05322372
(-0.72899493002741989, -0.37717860262271069, 0.35181632740470919),6228.21397377
(-0.026680430315970192, -0.026680430315970262, -6.9388939039072284e-17),9733.19569684
(0.024069555942106687, 0.024069555942106673, -1.3877787807814457e-17),10240.6955594
(0.018336025935294646, 0.018336025935294674, 2.7755575615628914e-17),10183.3602594
(0.050607828552839705, 0.050607828552839781, 7.6327832942979512e-17),10506.0782855
(0.04780507086066689, 0.047805070860667001, 1.1102230246251565e-16),10478.0507086
(-0.025432457838946654, -0.025432457838946539, 1.1449174941446927e-16),9745.67542161
(0.028953628458051512, 0.028953628458051391, -1.214306433183765e-16),10289.5362846
(0.057785121029220593, 0.055080250110507406, -0.002704870918713187),10550.8025011
(-0.02570830449714084, -0.025708304497140854, -1.3877787807814457e-17),9742.91695503
(-0.013697271877877164, -0.013697271877877211, -4.6837533851373792e-17),9863.02728122
(-0.1164376253085103, -0.11643762530851036, -5.5511151231257827e-17),8835.62374691
(0.029930410194528925, 0.030254146984280306, 0.00032373678975138043),10302.5414698
(-0.0036840105294996669, -0.0056662122373038071, -0.0019822017078041402),9943.33787763
(0.61611505046185455, 0.48674121364742295, -0.1293738368144316),14867.4121365
(-0.01471334623277344, -0.01174414514549353, 0.0029692010872799102),9882.55854855
(0.097917843780312624, 0.097917843780312791, 1.6653345369377348e-16),10979.1784378
(0.00093141796399978519, -0.013272789761808053, -0.014204207725807837),9867.27210238
(0.0061921763167079322, 0.0061921763167078099, -1.222980050563649e-16),10061.9217632
(-0.077593269939309498, -0.085062458576228711, -0.0074691886369192134),9149.37541424
(0.0052464148348574033, 0.0052464148348573868, -1.6479873021779667e-17),10052.4641483
(-0.0054945461186061981, -0.0054945461186061946, 3.4694469519536142e-18),9945.05453881
(-0.13403311512303745, -0.13403311512303734, 1.1102230246251565e-16),8659.66884877
(0.0014317227822877763, 0.0014317227822877611, -1.5178830414797062e-17),10014.3172278
(0.16514749431940376, 0.16514749431940381, 5.5511151231257827e-17),11651.4749432
(-0.12298714582543574, -0.1229871458254358, -5.5511151231257827e-17),8770.12854175
(0.042344252122684507, 0.042344252122684521, 1.3877787807814457e-17),10423.4425212
(0.014577519750680716, 0.015238957335137275, 0.00066143758445655863),10152.3895734
(0.01201836956500908, 0.012018369565009016, -6.4184768611141862e-17),10120.1836957
(-0.10626381672643871, -0.10626381672643874, -2.7755575615628914e-17),8937.36183274
(-0.069328999346468134, -0.072141272230173484, -0.0028122728837053496),9278.5872777
(0.046279548892672759, 0.047139959872479084, 0.0008604109798063253),10471.3995987
(-0.035542104586561679, -0.035542104586561617, 6.2450045135165055e-17),9644.57895413
(0.071533308509823076, 0.071533308509823104, 2.7755575615628914e-17),10715.3330851
(0.24920600807219748, 0.24920600807219745, -2.7755575615628914e-17),12492.0600807
(-0.021563949350463692, -0.018789681566114633, 0.0027742677843490583),9812.10318434
(-0.083899301792461065, -0.08389930179246112, -5.5511151231257827e-17),9161.00698208
(0.00085877431874958399, 0.00085877431874960167, 1.7672495411513722e-17),10008.5877432
(-0.0024942937272148377, -0.00249429372721479, 4.7704895589362195e-17),9975.05706273
(0.012502547037094469, 0.014174604051289497, 0.0016720570141950282),10141.7460405
(-0.0072007274331342607, -0.00015903071349493983, 0.0070416967196393213),9998.40969287
(-0.0096821117921410873, -0.0096821117921410405, 4.6837533851373792e-17),9903.17888208
(0.032218895541601719, 0.033200042764852333, 0.0009811472232506141),10332.0004276
(-0.0030171285823882834, -0.0038359065013301007, -0.00081877791894181731),9961.64093499
(0.043124597906088857, 0.043124597906089003, 1.457167719820518e-16),10431.2459791
(-0.014387385086774512, -0.022340425044881158, -0.0079530399581066464),9776.59574955
(0.021177536029540842, 0.021177536029540898, 5.5511151231257827e-17),10211.7753603
(-2.5389519136835426, -1.0143013159370029, 1.5246505977465397),-143.01315937
(0.01346692251332181, 0.013466922513321697, -1.1275702593849246e-16),10134.6692251
(0.003439679545066983, 0.0034396795450669744, -8.6736173798840355e-18),10034.3967955
(-0.016240978773040038, -0.016240978773040114, -7.6327832942979512e-17),9837.59021227
(-0.0052596394319373583, -0.0052596394319372845, 7.3725747729014302e-17),9947.40360568
(0.0023295940394410341, 0.0023295940394409626, -7.1557343384043293e-17),10023.2959404
(-0.0008215541619685994, -0.00082155416196856091, 3.8489177123235407e-17),9991.78445838
(-0.022552630080580491, -0.02255263008058064, -1.4918621893400541e-16),9774.47369919
(-0.042569852935074745, -0.066367727245452812, -0.023797874310378067),9336.32272755
(-0.020272883679155574, -0.4611127796038425, -0.44083989592468692),5388.87220396
(-0.022878123861006596, -0.022878123861006679, -8.3266726846886741e-17),9771.21876139
(-0.0072308333100490818, -0.0055264301073355455, 0.0017044032027135362),9944.73569893
(-0.015415225846545203, -0.015415225846545217, -1.3877787807814457e-17),9845.84774153
(-0.082323074029907795, -0.10315571934801264, -0.020832645318104845),8968.44280652
(-0.014196071925878052, -0.014196071925878096, -4.3368086899420177e-17),9858.03928074
(0.010675455878121553, 0.010675455878121465, -8.8470897274817162e-17),10106.7545588
(-0.027153038887688091, -0.027153038887688125, -3.4694469519536142e-17),9728.46961112
(-0.099481206384154142, -0.099481206384154031, 1.1102230246251565e-16),9005.18793616
(0.03346003425711374, 0.034910653393354189, 0.0014506191362404497),10349.1065339
(0.010466178417865769, 0.01046617841786574, -2.9490299091605721e-17),10104.6617842
(0.11703575452372486, 0.11703575452372479, -6.9388939039072284e-17),11170.3575452
(-0.25547006337122463, -0.25547006337122469, -5.5511151231257827e-17),7445.29936629
(0.0058254082961835636, 0.0058254082961835593, -4.3368086899420177e-18),10058.254083
(-0.0088162009597192257, -0.0088162009597192083, 1.7347234759768071e-17),9911.8379904
(-0.017760623641361228, -0.017535060119742412, 0.00022556352161881565),9824.6493988
(-0.013457527194746834, -0.013457527194746762, 7.1123662515049091e-17),9865.42472805
(-0.31025100539790451, -0.27899236463583321, 0.031258640762071299),7210.07635364
(-0.46610922293880125, -1.0629891958329951, -0.59687997289419381),-629.89195833
(0.034583327097443918, 0.032814303199836102, -0.001769023897607816),10328.143032
(-0.018010297976430611, -0.018010297976430594, 1.7347234759768071e-17),9819.89702024
(-0.85939956375586646, -0.85939956375586646, 0.0),1406.00436244
(-0.011422324682285656, -0.011422324682285762, -1.0581813203458523e-16),9885.77675318
(-0.16816834430173591, -0.16816834430173586, 5.5511151231257827e-17),8318.31655698
(-0.64775744102926969, -0.64775744102926969, 0.0),3522.42558971
(0.010714716223223885, 0.010714716223223878, -6.9388939039072284e-18),10107.1471622
(-0.035378316416609684, -0.035378316416609774, -9.0205620750793969e-17),9646.21683583
(-0.45626390153471696, -1.5693430345042456, -1.1130791329695287),-5693.43034504
(0.012321650249413583, 0.012321650249413505, -7.8062556418956319e-17),10123.2165025
(-0.017608982175103125, -0.017608982175103118, 6.9388939039072284e-18),9823.91017825
(0.0085209799089503522, 0.0042218007074197889, -0.0042991792015305633),10042.2180071
(0.0014514558223565135, 0.0020259195864540743, 0.00057446376409756071),10020.2591959
(0.07085717640730603, 0.070857176407306002, -2.7755575615628914e-17),10708.5717641
(-0.027607242873884091, -0.027607242873884025, 6.591949208711867e-17),9723.92757126
(-0.053796527048910678, -0.053796527048910685, -6.9388939039072284e-18),9462.03472951
(0.098899054279426038, 0.084490965521133873, -0.014408088758292165),10844.9096552
(-0.051629385284779061, -0.051629385284778985, 7.6327832942979512e-17),9483.70614715
(-0.0057144913577452045, -0.0072960393508074046, -0.0015815479930622002),9927.03960649
(-0.096027714993531993, 0.050655075381144887, 0.14668279037467688),10506.5507538
(0.047269290067228444, 0.047269290067228575, 1.3183898417423734e-16),10472.6929007
(0.037164987655029243, 0.024772705570629841, -0.012392282084399402),10247.7270557
(0.0086501817995840447, 0.0086501817995840603, 1.5612511283791264e-17),10086.501818
(-0.0023807509388951483, -0.0050252873164450644, -0.0026445363775499161),9949.74712684
(-0.23952674424754244, -0.23707260550366854, 0.0024541387438739015),7629.27394496
(-0.017432953309124054, -0.017432953309124061, -6.9388939039072284e-18),9825.67046691
(-0.082817271270483273, -0.082817271270483259, 1.3877787807814457e-17),9171.8272873
(-0.013173607934517521, -0.016862467914264018, -0.0036888599797464967),9831.37532086
(-0.40351147784859631, -0.40206848945959062, 0.0014429883890056949),5979.3151054
(-0.12704995649888676, -0.12704995649888678, -2.7755575615628914e-17),8729.50043501
(-0.18584390858526134, -0.1858439085852614, -5.5511151231257827e-17),8141.56091415
(-0.029461067844953438, -0.029461067844953504, -6.591949208711867e-17),9705.38932155
(-0.08428356492223045, -0.084283564922230478, -2.7755575615628914e-17),9157.16435078
(-0.033967480864864938, -0.033967480864864959, -2.0816681711721685e-17),9660.32519135
(-0.056675211311845101, -0.057135422119336178, -0.00046021080749107657),9428.64577881
(-0.33103132239227007, 0.41708487506223119, 0.7481161974545012),14170.8487506
(-0.022206334124663357, -0.021372848420107768, 0.00083348570455558935),9786.2715158
(-0.027438793168075726, -0.024025712423130789, 0.003413080744944938),9759.74287577
(0.12545541867764545, 0.12114956600030764, -0.0043058526773378097),11211.49566
(-0.41384970752591366, -0.41264396783282864, 0.0012057396930850173),5873.56032167
(-4.2918968837259364, -1.370854518568061, 2.9210423651578754),-3708.54518568
(0.0097786161724716537, 0.0097786161724718115, 1.5785983631388945e-16),10097.7861617
(-0.011788469660477054, -0.012880351539652474, -0.0010918818791754194),9871.1964846
(-0.34013948973271668, -0.3006352138105155, 0.039504275922201182),6993.64786189
(-0.6045250350667466, -0.60452503506674671, -1.1102230246251565e-16),3954.74964933
0.00247017635329,-0.00346639305745,-0.00593656941074,9965.33606943
0.0106489887825,-0.00286242093872,-0.0135114097212,9971.37579061
0.00241959416328,0.00131178567731,-0.00110780848597,10013.1178568
0.00130618451856,0.00130618451856,9.62771529167e-17,10013.0618452
0.0409561016336,0.0405391392937,-0.000416962339925,10405.3913929
0.447201712421,0.351094563674,-0.0961071487465,13510.9456367
-0.275952987125,-0.277248626055,-0.00129563893022,7227.51373945
-0.0176532134039,-0.0180837917642,-0.000430578360364,9819.16208236
0.0115355201546,0.0131057369488,0.00157021679428,10131.0573695
0.932322870134,0.129866685529,-0.802456184604,11298.6668553
0.00372858407331,0.00339857229859,-0.00033001177472,10033.985723
0.000458362089739,-0.00157929704825,-0.00203765913799,9984.20702952
-0.3297548426,0.399707842342,0.729462684941,13997.0784234
0.125295124651,0.118659802988,-0.00663532166292,11186.5980299
0.0104767958162,0.000910674586543,-0.00956612122963,10009.1067459
0.00730995748347,0.00151375302335,-0.00579620446012,10015.1375302
-0.0885673034913,-0.163397830318,-0.0748305268272,8366.02169682
-0.00372806306564,-0.000977108521147,0.00275095454449,9990.22891479
-0.0113851595376,0.064173909608,0.0755590691455,10641.7390961
-0.0568916032197,-0.0576601245745,-0.000768521354739,9423.39875426
-0.0495120456503,-0.0293399367417,0.0201721089086,9706.60063258
-0.32212947779,-0.096373375849,0.225756101941,9036.26624151
-1.07157880702,-1.0786992582,-0.00712045117933,-786.992581969
-0.0575526784766,-0.0577237141463,-0.000171035669661,9422.76285854
-0.017698466846,-0.018122822715,-0.00042435586902,9818.77177285
-0.00414436362047,-0.00485243315806,-0.000708069537597,9951.47566842
-2.07073553675,-2.07073553675,4.4408920985e-16,-10707.3553675
-0.547482548884,-0.112324361738,0.435158187146,8876.75638262
-0.00495206842693,-0.00504604543089,-9.39770039585e-05,9949.53954569
0.00760393891456,0.00416183333384,-0.00344210558072,10041.6183333
-0.00137893025034,0.00123794092928,0.00261687117962,10012.3794093
-0.0223138837419,-0.0402036966336,-0.0178898128917,9597.96303366
-0.00702519312164,-0.00683252900724,0.000192664114402,9931.67470993
0.0232932698017,0.044235766907,0.0209424971053,10442.3576691
-0.0204107005947,-0.00938632370334,0.0110243768914,9906.13676297
-0.0056426725994,-0.00173941152591,0.00390326107349,9982.60588474
-0.0463329097285,-0.0497590609116,-0.00342615118306,9502.40939088
0.0409709664178,-0.00687589666227,-0.0478468630801,9931.24103338
0.0578571276664,0.0230629056834,-0.0347942219829,10230.6290568
-0.012612977922,-0.0283691341441,-0.0157561562221,9716.30865856
-0.0135347372403,0.000140608372376,0.0136753456126,10001.4060837
0.00277693818951,0.00576274170155,0.00298580351204,10057.627417
-0.0126626648556,-0.0138895034543,-0.00122683859871,9861.10496546
0.0119286426878,0.011831193538,-9.74491497752e-05,10118.3119354
0.00867547442278,0.0107378029109,0.00206232848812,10107.3780291
0.0184260047493,-0.112198167881,-0.130624172631,8878.01832119
0.0454025627113,0.0331109722021,-0.0122915905092,10331.109722
0.0152443143436,0.0126738250067,-0.00257048933695,10126.7382501
-0.129922685844,-0.118371014155,0.0115516716892,8816.28985845
0.00523341009001,-0.00337778118788,-0.00861119127789,9966.22218812
0.0347311040742,0.0134419491869,-0.0212891548874,10134.4194919
0.0638915345732,0.047778105369,-0.0161134292042,10477.7810537
0.0016472603147,-0.00463767321992,-0.00628493353462,9953.6232678
0.00893190008699,0.00958579900494,0.000653898917949,10095.85799
-0.086182022506,-0.0158415236488,0.0703404988572,9841.58476351
0.00545844434336,0.0470070000676,0.0415485557242,10470.0700007
0.0014829740989,-0.00177287611309,-0.00325585021199,9982.27123887
0.00566400427627,0.0110065646978,0.00534256042156,10110.065647
0.00545844434336,-0.0447034414166,-0.05016188576,9552.96558583
0.00545844434336,0.0107865076053,0.00532806326197,10107.8650761
-0.0190738322099,-0.0140927128453,0.00498111936453,9859.07287155
-0.00355063357132,0.01823228734,0.0217829209113,10182.3228734
0.0187870023607,-0.00129895809507,-0.0200859604558,9987.01041905
0.00545844434336,0.0318220255026,0.0263635811593,10318.220255
-0.0190738322099,-0.0145677482203,0.00450608398955,9854.3225178
-0.0294144663652,-0.0247082666166,0.00470619974862,9752.91733383
0.00825845742165,0.0112657721877,0.003007314766,10112.6577219
0.0199854690567,0.0141353435383,-0.00585012551837,10141.3534354
0.00545844434336,0.0498593714952,0.0444009271519,10498.593715
-0.00344363734194,-0.00349259229873,-4.89549567865e-05,9965.07407701
0.0187870023607,-0.00148237766506,-0.0202693800258,9985.17622335
0.00545844434336,-0.0824639868327,-0.087922431176,9175.36013167
-0.042258795108,-0.0453999625986,-0.00314116749066,9546.00037401
0.00545844434336,0.038886279159,0.0334278348156,10388.8627916
-0.00930056802945,-0.00269383060445,0.006606737425,9973.06169396
0.00545844434336,0.054843688933,0.0493852445896,10548.4368893
0.00545844434336,0.0325325935135,0.0270741491701,10325.3259351
-0.042258795108,0.0108056176276,0.0530644127356,10108.0561763
-0.00355063357132,0.0326451950494,0.0361958286208,10326.4519505
0.00545844434336,0.0792616800808,0.0738032357375,10792.6168008
-0.042258795108,-0.00528736819616,0.0369714269118,9947.12631804
0.0187870023607,-0.0109046302942,-0.0296916326549,9890.95369706
0.00545844434336,-0.0249234867237,-0.0303819310671,9750.76513276
-0.00930056802945,-0.00279749051696,0.00650307751249,9972.02509483
-0.0294144663652,-0.00455989303592,0.0248545733293,9954.40106964
0.00545844434336,-0.104445030715,-0.109903475059,8955.54969285
-0.042258795108,-0.068917316015,-0.0266585209071,9310.82683985
0.0187870023607,-0.00879712647352,-0.0275841288343,9912.02873526
-0.026307113572,0.00822732766543,0.0345344412374,10082.2732767
0.00545844434336,-0.0858747046778,-0.0913331490212,9141.25295322
-0.00677435880667,-0.00385860799122,0.00291575081545,9961.41392009
0.00566400427627,0.000771519626617,-0.00489248464966,10007.7151963
0.000561709394028,-0.00612388534797,-0.006685594742,9938.76114652
0.00545844434336,-0.0327047088928,-0.0381631532361,9672.95291107
0.133675936598,0.011073813664,-0.122602122934,10110.7381366
0.00362798129691,0.0153751024807,0.0117471211838,10153.7510248
0.00825845742165,-0.00936256129218,-0.0176210187138,9906.37438708
0.0147857272829,-0.0141665249489,-0.0289522522318,9858.33475051
0.00545844434336,0.0813023868799,0.0758439425365,10813.0238688
0.0119493930392,-0.0426076512911,-0.0545570443302,9573.92348709
0.0187870023607,0.0129986671643,-0.00578833519648,10129.9866716
0.0226339847225,0.0101257436784,-0.0125082410441,10101.2574368
-0.0547853806806,-0.0197743133874,0.0350110672932,9802.25686613
0.0334840212137,0.0392727680843,0.00578874687059,10392.7276808
-0.136011763438,-0.11255132679,0.0234604366485,8874.4867321
-0.0141578751124,-0.0147047213369,-0.000546846224494,9852.95278663
0.0140047920219,0.0102657702904,-0.00373902173155,10102.6577029
0.00249219529404,-0.0126449200974,-0.0151371153914,9873.55079903
0.0612831210657,0.0510277358489,-0.0102553852168,10510.2773585
0.0201414423834,0.00784831607788,-0.0122931263055,10078.4831608
0.124646518204,0.17837962963,0.0537331114253,11783.7962963
0.000516584244181,0.0241445861533,0.0236280019091,10241.4458615
0.0327244820274,0.027286776398,-0.0054377056294,10272.867764
-0.0353444939036,0.000987290527916,0.0363317844315,10009.8729053
0.0191881596612,-0.00197163531705,-0.0211597949783,9980.28364683
0.0266917883498,0.0011230151676,-0.0255687731822,10011.2301517
0.00545844434336,0.0348999506651,0.0294415063217,10348.9995067
0.133675936598,0.0781928627798,-0.0554830738184,10781.9286278
-0.0279906805895,-0.0258760352592,0.00211464533031,9741.23964741
0.00545844434336,-0.0059178135664,-0.0113762579098,9940.82186434
-0.00677435880667,-0.00906925471914,-0.00229489591247,9909.30745281
0.0119493930392,0.000491985564263,-0.0114574074749,10004.9198556
-0.0279906805895,0.00937724513952,0.0373679257291,10093.7724514
0.0187870023607,-0.00760517901179,-0.0263921813725,9923.94820988
-0.0189075698585,-0.00440060269,0.0145069671685,9955.9939731
0.00545844434336,-0.0234243084494,-0.0288827527928,9765.75691551
-0.113993996291,-0.00443113289009,0.109562863401,9955.6886711
-0.00344363734194,-0.00999248896278,-0.00654885162083,9900.07511037
0.0187870023607,0.00982578284643,-0.0089612195143,10098.2578285
-0.0221846334006,-0.013495115226,0.00868951817456,9865.04884774
0.0199854690567,0.00810235193523,-0.0118831171215,10081.0235194
